批量实验计划
  数据集：s5_t100, s5_t300, s5_t500, s5_t1000
  算法：mode_sdas, mode_sdas_dual_archive, mode_sdas_adaptive_subspace, mode_sdas_dpic_only, mode_sdas_dpic, mode_sdas_dpic_dual_archive, nsga2
  日志目录：F:\my_research\experiment_logs\20260525_073139
  结果目录：F:\my_research\results
  清理旧结果：True
  跳过已有结果：False
[2026-05-25T07:31:39] 开始 s5_t100 / mode_sdas
  日志：F:\my_research\experiment_logs\20260525_073139\s5_t100\mode_sdas.log
[2026-05-25T08:49:19] 结束 s5_t100 / mode_sdas 返回码=0
[2026-05-25T08:49:19] 开始 s5_t100 / mode_sdas_dual_archive
  日志：F:\my_research\experiment_logs\20260525_073139\s5_t100\mode_sdas_dual_archive.log
[2026-05-25T10:08:39] 结束 s5_t100 / mode_sdas_dual_archive 返回码=0
[2026-05-25T10:08:39] 开始 s5_t100 / mode_sdas_adaptive_subspace
  日志：F:\my_research\experiment_logs\20260525_073139\s5_t100\mode_sdas_adaptive_subspace.log
[2026-05-25T11:19:45] 结束 s5_t100 / mode_sdas_adaptive_subspace 返回码=0
[2026-05-25T11:19:45] 开始 s5_t100 / mode_sdas_dpic_only
  日志：F:\my_research\experiment_logs\20260525_073139\s5_t100\mode_sdas_dpic_only.log
[2026-05-25T13:34:48] 结束 s5_t100 / mode_sdas_dpic_only 返回码=0
[2026-05-25T13:34:48] 开始 s5_t100 / mode_sdas_dpic
  日志：F:\my_research\experiment_logs\20260525_073139\s5_t100\mode_sdas_dpic.log
[2026-05-25T15:41:24] 结束 s5_t100 / mode_sdas_dpic 返回码=0
[2026-05-25T15:41:24] 开始 s5_t100 / mode_sdas_dpic_dual_archive
  日志：F:\my_research\experiment_logs\20260525_073139\s5_t100\mode_sdas_dpic_dual_archive.log
[2026-05-25T18:28:55] 结束 s5_t100 / mode_sdas_dpic_dual_archive 返回码=0
[2026-05-25T18:28:55] 开始 s5_t100 / nsga2
  日志：F:\my_research\experiment_logs\20260525_073139\s5_t100\nsga2.log
[2026-05-25T18:58:22] 结束 s5_t100 / nsga2 返回码=0
[2026-05-25T18:58:22] 开始 s5_t300 / mode_sdas
  日志：F:\my_research\experiment_logs\20260525_073139\s5_t300\mode_sdas.log
[2026-05-25T22:07:31] 结束 s5_t300 / mode_sdas 返回码=0
[2026-05-25T22:07:31] 开始 s5_t300 / mode_sdas_dual_archive
  日志：F:\my_research\experiment_logs\20260525_073139\s5_t300\mode_sdas_dual_archive.log
[2026-05-26T01:18:07] 结束 s5_t300 / mode_sdas_dual_archive 返回码=0
[2026-05-26T01:18:07] 开始 s5_t300 / mode_sdas_adaptive_subspace
  日志：F:\my_research\experiment_logs\20260525_073139\s5_t300\mode_sdas_adaptive_subspace.log
[2026-05-26T04:26:24] 结束 s5_t300 / mode_sdas_adaptive_subspace 返回码=0
[2026-05-26T04:26:24] 开始 s5_t300 / mode_sdas_dpic_only
  日志：F:\my_research\experiment_logs\20260525_073139\s5_t300\mode_sdas_dpic_only.log
[2026-05-26T10:50:41] 结束 s5_t300 / mode_sdas_dpic_only 返回码=0
[2026-05-26T10:50:41] 开始 s5_t300 / mode_sdas_dpic
  日志：F:\my_research\experiment_logs\20260525_073139\s5_t300\mode_sdas_dpic.log
[2026-05-26T17:12:01] 结束 s5_t300 / mode_sdas_dpic 返回码=0
[2026-05-26T17:12:01] 开始 s5_t300 / mode_sdas_dpic_dual_archive
  日志：F:\my_research\experiment_logs\20260525_073139\s5_t300\mode_sdas_dpic_dual_archive.log
[2026-05-26T23:37:04] 结束 s5_t300 / mode_sdas_dpic_dual_archive 返回码=0
[2026-05-26T23:37:04] 开始 s5_t300 / nsga2
  日志：F:\my_research\experiment_logs\20260525_073139\s5_t300\nsga2.log
[2026-05-27T00:48:15] 结束 s5_t300 / nsga2 返回码=0
[2026-05-27T00:48:15] 开始 s5_t500 / mode_sdas
  日志：F:\my_research\experiment_logs\20260525_073139\s5_t500\mode_sdas.log
