ејЂе§‹ s5_t500 / mode_sdasпјЊж—¶й—ґпјљ2026-05-27T00:48:15
е‘Ѕд»¤ F:\Anaconda\python.exe -u main.py


ФЛРРЛг·ЁЈєMODE-SDAS

========== MODE-SDAS Run 1/8 ==========
Init: HV=0.4297, feasible ratio=0.28
Gen   1: profit_max=  235.00, profit_avg=  116.32, load_min=     64.40, att_min=    139.53, quality_max=    258.65, quality_avg=    129.74, tasks_avg= 21.06, HV=0.2858, feasible ratio=0.36
Gen   2: profit_max=  397.00, profit_avg=  134.44, load_min=     64.40, att_min=    230.62, quality_max=    431.11, quality_avg=    150.05, tasks_avg= 24.15, HV=0.3221, feasible ratio=0.39
Gen   3: profit_max=  457.00, profit_avg=  148.99, load_min=     64.40, att_min=    230.62, quality_max=    464.72, quality_avg=    167.60, tasks_avg= 27.03, HV=0.1606, feasible ratio=0.48
Gen   4: profit_max=  457.00, profit_avg=  154.56, load_min=     64.40, att_min=    230.62, quality_max=    464.72, quality_avg=    173.04, tasks_avg= 27.96, HV=0.1655, feasible ratio=0.51
Gen   5: profit_max=  457.00, profit_avg=  159.14, load_min=     64.40, att_min=    230.62, quality_max=    464.72, quality_avg=    176.80, tasks_avg= 28.78, HV=0.1657, feasible ratio=0.56
Gen   6: profit_max=  457.00, profit_avg=  162.62, load_min=     64.40, att_min=    230.62, quality_max=    464.72, quality_avg=    179.07, tasks_avg= 29.27, HV=0.1678, feasible ratio=0.57
Gen   7: profit_max=  457.00, profit_avg=  160.43, load_min=     64.40, att_min=    230.62, quality_max=    464.72, quality_avg=    175.26, tasks_avg= 28.73, HV=0.2109, feasible ratio=0.62
Gen   8: profit_max=  457.00, profit_avg=  157.15, load_min=     64.40, att_min=    230.62, quality_max=    464.72, quality_avg=    172.75, tasks_avg= 28.20, HV=0.2379, feasible ratio=0.67
Gen   9: profit_max=  457.00, profit_avg=  162.53, load_min=     64.40, att_min=    230.62, quality_max=    464.72, quality_avg=    179.07, tasks_avg= 29.19, HV=0.2458, feasible ratio=0.69
Gen  10: profit_max=  457.00, profit_avg=  162.41, load_min=     64.40, att_min=    230.62, quality_max=    464.72, quality_avg=    179.06, tasks_avg= 29.21, HV=0.2461, feasible ratio=0.71
Gen  11: profit_max=  457.00, profit_avg=  165.19, load_min=     64.40, att_min=    230.62, quality_max=    464.72, quality_avg=    180.52, tasks_avg= 29.49, HV=0.2461, feasible ratio=0.73
Gen  12: profit_max=  457.00, profit_avg=  168.99, load_min=     64.40, att_min=    230.62, quality_max=    464.72, quality_avg=    185.47, tasks_avg= 30.32, HV=0.2469, feasible ratio=0.76
Gen  13: profit_max=  457.00, profit_avg=  170.71, load_min=     64.40, att_min=    230.62, quality_max=    464.72, quality_avg=    187.73, tasks_avg= 30.70, HV=0.2469, feasible ratio=0.77
Gen  14: profit_max=  457.00, profit_avg=  170.71, load_min=     64.40, att_min=    230.62, quality_max=    464.72, quality_avg=    187.73, tasks_avg= 30.70, HV=0.2469, feasible ratio=0.77
Gen  15: profit_max=  457.00, profit_avg=  176.29, load_min=     64.40, att_min=    230.62, quality_max=    464.72, quality_avg=    194.25, tasks_avg= 31.78, HV=0.2649, feasible ratio=0.80
Gen  16: profit_max=  457.00, profit_avg=  178.18, load_min=     64.40, att_min=    230.62, quality_max=    464.72, quality_avg=    197.08, tasks_avg= 32.33, HV=0.2867, feasible ratio=0.85
Gen  17: profit_max=  457.00, profit_avg=  177.57, load_min=     64.40, att_min=    230.62, quality_max=    464.72, quality_avg=    196.29, tasks_avg= 32.18, HV=0.2867, feasible ratio=0.87
Gen  18: profit_max=  457.00, profit_avg=  178.26, load_min=     64.40, att_min=    230.62, quality_max=    464.72, quality_avg=    197.23, tasks_avg= 32.33, HV=0.2875, feasible ratio=0.88
Gen  19: profit_max=  457.00, profit_avg=  179.40, load_min=     64.40, att_min=    230.62, quality_max=    464.72, quality_avg=    198.34, tasks_avg= 32.52, HV=0.2875, feasible ratio=0.88
Gen  20: profit_max=  457.00, profit_avg=  181.89, load_min=     64.40, att_min=    230.62, quality_max=    464.72, quality_avg=    200.72, tasks_avg= 32.94, HV=0.2922, feasible ratio=0.89
Gen  21: profit_max=  457.00, profit_avg=  180.41, load_min=     64.40, att_min=    230.62, quality_max=    464.72, quality_avg=    198.89, tasks_avg= 32.65, HV=0.2924, feasible ratio=0.90
Gen  22: profit_max=  457.00, profit_avg=  178.43, load_min=     64.40, att_min=    230.62, quality_max=    464.72, quality_avg=    195.67, tasks_avg= 32.30, HV=0.2924, feasible ratio=0.93
Gen  23: profit_max=  457.00, profit_avg=  178.43, load_min=     64.40, att_min=    230.62, quality_max=    464.72, quality_avg=    195.67, tasks_avg= 32.30, HV=0.2924, feasible ratio=0.93
Gen  24: profit_max=  457.00, profit_avg=  177.20, load_min=     64.40, att_min=    230.62, quality_max=    464.72, quality_avg=    194.15, tasks_avg= 32.04, HV=0.2924, feasible ratio=0.94
Gen  25: profit_max=  457.00, profit_avg=  179.17, load_min=     64.40, att_min=    230.62, quality_max=    464.72, quality_avg=    196.20, tasks_avg= 32.40, HV=0.2924, feasible ratio=0.96
Gen  26: profit_max=  457.00, profit_avg=  181.21, load_min=     64.40, att_min=    230.62, quality_max=    464.72, quality_avg=    197.33, tasks_avg= 32.69, HV=0.2924, feasible ratio=0.98
Gen  27: profit_max=  457.00, profit_avg=  181.21, load_min=     64.40, att_min=    230.62, quality_max=    464.72, quality_avg=    197.33, tasks_avg= 32.69, HV=0.2924, feasible ratio=0.98
Gen  28: profit_max=  487.00, profit_avg=  182.96, load_min=     64.40, att_min=    230.62, quality_max=    464.72, quality_avg=    197.83, tasks_avg= 32.99, HV=0.3012, feasible ratio=1.00
Gen  29: profit_max=  487.00, profit_avg=  182.96, load_min=     64.40, att_min=    230.62, quality_max=    464.72, quality_avg=    197.83, tasks_avg= 32.99, HV=0.3012, feasible ratio=1.00
Gen  30: profit_max=  487.00, profit_avg=  184.36, load_min=     64.40, att_min=    230.62, quality_max=    464.72, quality_avg=    200.22, tasks_avg= 33.26, HV=0.3253, feasible ratio=1.00
Gen  31: profit_max=  487.00, profit_avg=  185.40, load_min=     64.40, att_min=    230.62, quality_max=    464.72, quality_avg=    201.37, tasks_avg= 33.43, HV=0.3349, feasible ratio=1.00
Gen  32: profit_max=  487.00, profit_avg=  189.34, load_min=     64.40, att_min=    230.62, quality_max=    464.72, quality_avg=    205.44, tasks_avg= 34.15, HV=0.3407, feasible ratio=1.00
Gen  33: profit_max=  487.00, profit_avg=  188.28, load_min=     64.40, att_min=    230.62, quality_max=    464.72, quality_avg=    204.65, tasks_avg= 33.94, HV=0.3409, feasible ratio=1.00
Gen  34: profit_max=  487.00, profit_avg=  190.10, load_min=     64.40, att_min=    230.62, quality_max=    464.72, quality_avg=    206.60, tasks_avg= 34.27, HV=0.3410, feasible ratio=1.00
Gen  35: profit_max=  487.00, profit_avg=  193.13, load_min=     64.40, att_min=    230.62, quality_max=    464.72, quality_avg=    209.27, tasks_avg= 34.71, HV=0.3649, feasible ratio=1.00
Gen  36: profit_max=  487.00, profit_avg=  194.60, load_min=     64.40, att_min=    230.62, quality_max=    464.72, quality_avg=    210.71, tasks_avg= 34.97, HV=0.3649, feasible ratio=1.00
Gen  37: profit_max=  487.00, profit_avg=  197.76, load_min=     64.40, att_min=    230.62, quality_max=    464.72, quality_avg=    214.25, tasks_avg= 35.51, HV=0.3704, feasible ratio=1.00
Gen  38: profit_max=  487.00, profit_avg=  197.98, load_min=     64.40, att_min=    230.62, quality_max=    464.72, quality_avg=    214.67, tasks_avg= 35.54, HV=0.3704, feasible ratio=1.00
Gen  39: profit_max=  487.00, profit_avg=  197.98, load_min=     64.40, att_min=    230.62, quality_max=    464.72, quality_avg=    214.67, tasks_avg= 35.54, HV=0.3704, feasible ratio=1.00
Gen  40: profit_max=  487.00, profit_avg=  197.98, load_min=     64.40, att_min=    230.62, quality_max=    464.72, quality_avg=    214.67, tasks_avg= 35.54, HV=0.3704, feasible ratio=1.00
Gen  41: profit_max=  487.00, profit_avg=  197.98, load_min=     64.40, att_min=    230.62, quality_max=    464.72, quality_avg=    214.67, tasks_avg= 35.54, HV=0.3704, feasible ratio=1.00
Gen  42: profit_max=  487.00, profit_avg=  197.98, load_min=     64.40, att_min=    230.62, quality_max=    464.72, quality_avg=    214.67, tasks_avg= 35.54, HV=0.3704, feasible ratio=1.00
Gen  43: profit_max=  487.00, profit_avg=  200.84, load_min=     64.40, att_min=    230.62, quality_max=    464.72, quality_avg=    218.04, tasks_avg= 36.09, HV=0.3712, feasible ratio=1.00
Gen  44: profit_max=  487.00, profit_avg=  201.99, load_min=     64.40, att_min=    230.62, quality_max=    464.72, quality_avg=    219.00, tasks_avg= 36.28, HV=0.3712, feasible ratio=1.00
Gen  45: profit_max=  487.00, profit_avg=  203.31, load_min=     64.40, att_min=    230.62, quality_max=    464.72, quality_avg=    220.44, tasks_avg= 36.53, HV=0.3742, feasible ratio=1.00
Gen  46: profit_max=  487.00, profit_avg=  205.92, load_min=     64.40, att_min=    230.62, quality_max=    464.72, quality_avg=    223.46, tasks_avg= 37.01, HV=0.3750, feasible ratio=1.00
Gen  47: profit_max=  487.00, profit_avg=  205.13, load_min=     64.40, att_min=    230.62, quality_max=    464.72, quality_avg=    222.83, tasks_avg= 36.82, HV=0.3752, feasible ratio=1.00
Gen  48: profit_max=  487.00, profit_avg=  205.82, load_min=     64.40, att_min=    230.62, quality_max=    464.72, quality_avg=    223.88, tasks_avg= 36.99, HV=0.3755, feasible ratio=1.00
Gen  49: profit_max=  487.00, profit_avg=  205.98, load_min=     64.40, att_min=    230.62, quality_max=    464.72, quality_avg=    224.70, tasks_avg= 37.03, HV=0.3768, feasible ratio=1.00
Gen  50: profit_max=  487.00, profit_avg=  206.87, load_min=     64.40, att_min=    230.62, quality_max=    464.72, quality_avg=    225.35, tasks_avg= 37.12, HV=0.3770, feasible ratio=1.00
Gen  51: profit_max=  487.00, profit_avg=  209.23, load_min=     64.40, att_min=    230.62, quality_max=    464.72, quality_avg=    226.92, tasks_avg= 37.36, HV=0.3789, feasible ratio=1.00
Gen  52: profit_max=  487.00, profit_avg=  209.72, load_min=     64.40, att_min=    230.62, quality_max=    464.72, quality_avg=    226.93, tasks_avg= 37.39, HV=0.3789, feasible ratio=1.00
Gen  53: profit_max=  487.00, profit_avg=  211.38, load_min=     64.40, att_min=    230.62, quality_max=    464.72, quality_avg=    228.54, tasks_avg= 37.71, HV=0.3796, feasible ratio=1.00
Gen  54: profit_max=  487.00, profit_avg=  212.59, load_min=     64.40, att_min=    230.62, quality_max=    464.72, quality_avg=    230.04, tasks_avg= 37.96, HV=0.3796, feasible ratio=1.00
Gen  55: profit_max=  487.00, profit_avg=  212.59, load_min=     64.40, att_min=    230.62, quality_max=    464.72, quality_avg=    230.04, tasks_avg= 37.96, HV=0.3796, feasible ratio=1.00
Gen  56: profit_max=  487.00, profit_avg=  212.29, load_min=     64.40, att_min=    230.62, quality_max=    464.72, quality_avg=    229.84, tasks_avg= 37.95, HV=0.3796, feasible ratio=1.00
Gen  57: profit_max=  487.00, profit_avg=  214.58, load_min=     64.40, att_min=    230.62, quality_max=    464.72, quality_avg=    232.55, tasks_avg= 38.26, HV=0.3946, feasible ratio=1.00
Gen  58: profit_max=  487.00, profit_avg=  214.67, load_min=     64.40, att_min=    230.62, quality_max=    464.72, quality_avg=    232.99, tasks_avg= 38.28, HV=0.3946, feasible ratio=1.00
Gen  59: profit_max=  487.00, profit_avg=  214.67, load_min=     64.40, att_min=    230.62, quality_max=    464.72, quality_avg=    232.99, tasks_avg= 38.28, HV=0.3946, feasible ratio=1.00
Gen  60: profit_max=  487.00, profit_avg=  214.67, load_min=     64.40, att_min=    230.62, quality_max=    464.72, quality_avg=    232.99, tasks_avg= 38.28, HV=0.3946, feasible ratio=1.00
Gen  61: profit_max=  487.00, profit_avg=  214.63, load_min=     64.40, att_min=    230.62, quality_max=    464.72, quality_avg=    233.33, tasks_avg= 38.30, HV=0.3946, feasible ratio=1.00
Gen  62: profit_max=  487.00, profit_avg=  214.63, load_min=     64.40, att_min=    230.62, quality_max=    464.72, quality_avg=    233.33, tasks_avg= 38.30, HV=0.3946, feasible ratio=1.00
Gen  63: profit_max=  487.00, profit_avg=  214.63, load_min=     64.40, att_min=    230.62, quality_max=    464.72, quality_avg=    233.33, tasks_avg= 38.30, HV=0.3946, feasible ratio=1.00
Gen  64: profit_max=  487.00, profit_avg=  213.67, load_min=     64.40, att_min=    230.62, quality_max=    464.72, quality_avg=    232.46, tasks_avg= 38.10, HV=0.3946, feasible ratio=1.00
Gen  65: profit_max=  487.00, profit_avg=  213.67, load_min=     64.40, att_min=    230.62, quality_max=    464.72, quality_avg=    232.46, tasks_avg= 38.10, HV=0.3946, feasible ratio=1.00
Gen  66: profit_max=  487.00, profit_avg=  213.75, load_min=     64.40, att_min=    230.62, quality_max=    464.72, quality_avg=    232.15, tasks_avg= 38.08, HV=0.3946, feasible ratio=1.00
Gen  67: profit_max=  487.00, profit_avg=  212.88, load_min=     64.40, att_min=    230.62, quality_max=    464.72, quality_avg=    230.92, tasks_avg= 37.88, HV=0.3962, feasible ratio=1.00
Gen  68: profit_max=  487.00, profit_avg=  212.88, load_min=     64.40, att_min=    230.62, quality_max=    464.72, quality_avg=    230.92, tasks_avg= 37.88, HV=0.3962, feasible ratio=1.00
Gen  69: profit_max=  487.00, profit_avg=  215.10, load_min=     64.40, att_min=    230.62, quality_max=    475.72, quality_avg=    234.24, tasks_avg= 38.33, HV=0.3954, feasible ratio=1.00
Gen  70: profit_max=  487.00, profit_avg=  215.10, load_min=     64.40, att_min=    230.62, quality_max=    475.72, quality_avg=    234.24, tasks_avg= 38.33, HV=0.3954, feasible ratio=1.00
Gen  71: profit_max=  487.00, profit_avg=  215.10, load_min=     64.40, att_min=    230.62, quality_max=    475.72, quality_avg=    234.24, tasks_avg= 38.33, HV=0.3954, feasible ratio=1.00
Gen  72: profit_max=  487.00, profit_avg=  215.37, load_min=     64.40, att_min=    230.62, quality_max=    475.72, quality_avg=    234.58, tasks_avg= 38.35, HV=0.3958, feasible ratio=1.00
Gen  73: profit_max=  487.00, profit_avg=  215.37, load_min=     64.40, att_min=    230.62, quality_max=    475.72, quality_avg=    234.58, tasks_avg= 38.35, HV=0.3958, feasible ratio=1.00
Gen  74: profit_max=  487.00, profit_avg=  214.97, load_min=     64.40, att_min=    230.62, quality_max=    475.72, quality_avg=    234.39, tasks_avg= 38.27, HV=0.3958, feasible ratio=1.00
Gen  75: profit_max=  487.00, profit_avg=  214.97, load_min=     64.40, att_min=    230.62, quality_max=    475.72, quality_avg=    234.39, tasks_avg= 38.27, HV=0.3958, feasible ratio=1.00
Gen  76: profit_max=  487.00, profit_avg=  214.97, load_min=     64.40, att_min=    230.62, quality_max=    475.72, quality_avg=    234.39, tasks_avg= 38.27, HV=0.3958, feasible ratio=1.00
Gen  77: profit_max=  487.00, profit_avg=  214.97, load_min=     64.40, att_min=    230.62, quality_max=    475.72, quality_avg=    234.39, tasks_avg= 38.27, HV=0.3958, feasible ratio=1.00
Gen  78: profit_max=  487.00, profit_avg=  214.97, load_min=     64.40, att_min=    230.62, quality_max=    475.72, quality_avg=    234.39, tasks_avg= 38.27, HV=0.3958, feasible ratio=1.00
Gen  79: profit_max=  487.00, profit_avg=  214.97, load_min=     64.40, att_min=    230.62, quality_max=    475.72, quality_avg=    234.39, tasks_avg= 38.27, HV=0.3958, feasible ratio=1.00
Gen  80: profit_max=  487.00, profit_avg=  215.71, load_min=     64.40, att_min=    230.62, quality_max=    475.72, quality_avg=    234.95, tasks_avg= 38.34, HV=0.3969, feasible ratio=1.00
Gen  81: profit_max=  487.00, profit_avg=  217.36, load_min=     64.40, att_min=    230.62, quality_max=    475.72, quality_avg=    236.00, tasks_avg= 38.59, HV=0.3973, feasible ratio=1.00
Gen  82: profit_max=  487.00, profit_avg=  220.79, load_min=     64.40, att_min=    230.62, quality_max=    475.72, quality_avg=    239.70, tasks_avg= 39.25, HV=0.3984, feasible ratio=1.00
Gen  83: profit_max=  487.00, profit_avg=  220.79, load_min=     64.40, att_min=    230.62, quality_max=    475.72, quality_avg=    239.70, tasks_avg= 39.25, HV=0.3984, feasible ratio=1.00
Gen  84: profit_max=  487.00, profit_avg=  223.12, load_min=     64.40, att_min=    230.62, quality_max=    475.72, quality_avg=    242.26, tasks_avg= 39.62, HV=0.4007, feasible ratio=1.00
Gen  85: profit_max=  487.00, profit_avg=  223.12, load_min=     64.40, att_min=    230.62, quality_max=    475.72, quality_avg=    242.26, tasks_avg= 39.62, HV=0.4007, feasible ratio=1.00
Gen  86: profit_max=  487.00, profit_avg=  223.12, load_min=     64.40, att_min=    230.62, quality_max=    475.72, quality_avg=    242.26, tasks_avg= 39.62, HV=0.4007, feasible ratio=1.00
Gen  87: profit_max=  487.00, profit_avg=  223.12, load_min=     64.40, att_min=    230.62, quality_max=    475.72, quality_avg=    242.26, tasks_avg= 39.62, HV=0.4007, feasible ratio=1.00
Gen  88: profit_max=  487.00, profit_avg=  223.12, load_min=     64.40, att_min=    230.62, quality_max=    475.72, quality_avg=    242.26, tasks_avg= 39.62, HV=0.4007, feasible ratio=1.00
Gen  89: profit_max=  487.00, profit_avg=  223.12, load_min=     64.40, att_min=    230.62, quality_max=    475.72, quality_avg=    242.26, tasks_avg= 39.62, HV=0.4007, feasible ratio=1.00
Gen  90: profit_max=  487.00, profit_avg=  222.89, load_min=     64.40, att_min=    230.62, quality_max=    475.72, quality_avg=    243.14, tasks_avg= 39.54, HV=0.4050, feasible ratio=1.00
Gen  91: profit_max=  487.00, profit_avg=  223.06, load_min=     64.40, att_min=    230.62, quality_max=    475.72, quality_avg=    243.39, tasks_avg= 39.53, HV=0.4060, feasible ratio=1.00
Gen  92: profit_max=  487.00, profit_avg=  222.95, load_min=     64.40, att_min=    230.62, quality_max=    475.72, quality_avg=    243.08, tasks_avg= 39.52, HV=0.4060, feasible ratio=1.00
Gen  93: profit_max=  487.00, profit_avg=  223.91, load_min=     64.40, att_min=    230.62, quality_max=    475.72, quality_avg=    244.63, tasks_avg= 39.75, HV=0.4094, feasible ratio=1.00
Gen  94: profit_max=  487.00, profit_avg=  226.41, load_min=     64.40, att_min=    230.62, quality_max=    475.72, quality_avg=    247.30, tasks_avg= 40.17, HV=0.4207, feasible ratio=1.00
Gen  95: profit_max=  487.00, profit_avg=  226.41, load_min=     64.40, att_min=    230.62, quality_max=    475.72, quality_avg=    247.30, tasks_avg= 40.17, HV=0.4207, feasible ratio=1.00
Gen  96: profit_max=  487.00, profit_avg=  226.41, load_min=     64.40, att_min=    230.62, quality_max=    475.72, quality_avg=    247.30, tasks_avg= 40.17, HV=0.4207, feasible ratio=1.00
Gen  97: profit_max=  487.00, profit_avg=  226.41, load_min=     64.40, att_min=    230.62, quality_max=    475.72, quality_avg=    247.30, tasks_avg= 40.17, HV=0.4207, feasible ratio=1.00
Gen  98: profit_max=  487.00, profit_avg=  225.92, load_min=     64.40, att_min=    230.62, quality_max=    475.72, quality_avg=    246.29, tasks_avg= 40.01, HV=0.4207, feasible ratio=1.00
Gen  99: profit_max=  487.00, profit_avg=  224.58, load_min=     64.40, att_min=    230.62, quality_max=    475.72, quality_avg=    244.84, tasks_avg= 39.74, HV=0.4207, feasible ratio=1.00
Gen 100: profit_max=  487.00, profit_avg=  224.58, load_min=     64.40, att_min=    230.62, quality_max=    475.72, quality_avg=    244.84, tasks_avg= 39.74, HV=0.4207, feasible ratio=1.00
Final feasible solutions used for summary/HV: 100/100
Run 1 best: profit=487.0, load=64.40, att=230.62, quality=475.72

========== MODE-SDAS Run 2/8 ==========
Init: HV=0.3813, feasible ratio=0.32
Gen   1: profit_max=  227.00, profit_avg=   96.28, load_min=     47.36, att_min=     62.52, quality_max=    261.80, quality_avg=    115.00, tasks_avg= 18.65, HV=0.2588, feasible ratio=0.39
Gen   2: profit_max=  244.00, profit_avg=  107.90, load_min=     47.36, att_min=     62.52, quality_max=    302.14, quality_avg=    128.72, tasks_avg= 20.90, HV=0.2651, feasible ratio=0.41
Gen   3: profit_max=  240.00, profit_avg=  115.30, load_min=     47.36, att_min=     62.52, quality_max=    302.14, quality_avg=    136.21, tasks_avg= 22.32, HV=0.2947, feasible ratio=0.47
Gen   4: profit_max=  289.00, profit_avg=  122.24, load_min=     47.36, att_min=     62.52, quality_max=    316.60, quality_avg=    144.79, tasks_avg= 23.71, HV=0.2965, feasible ratio=0.50
Gen   5: profit_max=  301.00, profit_avg=  127.78, load_min=     47.36, att_min=     62.52, quality_max=    349.97, quality_avg=    153.33, tasks_avg= 24.87, HV=0.3013, feasible ratio=0.54
Gen   6: profit_max=  301.00, profit_avg=  133.55, load_min=     47.36, att_min=     62.52, quality_max=    334.17, quality_avg=    160.79, tasks_avg= 26.19, HV=0.3237, feasible ratio=0.60
Gen   7: profit_max=  301.00, profit_avg=  133.48, load_min=     47.36, att_min=     62.52, quality_max=    320.88, quality_avg=    161.23, tasks_avg= 26.22, HV=0.3273, feasible ratio=0.64
Gen   8: profit_max=  347.00, profit_avg=  138.08, load_min=     47.36, att_min=     62.52, quality_max=    392.39, quality_avg=    167.73, tasks_avg= 27.33, HV=0.3210, feasible ratio=0.69
Gen   9: profit_max=  347.00, profit_avg=  144.49, load_min=     47.36, att_min=     62.52, quality_max=    392.39, quality_avg=    173.63, tasks_avg= 28.49, HV=0.3330, feasible ratio=0.71
Gen  10: profit_max=  347.00, profit_avg=  147.58, load_min=     47.36, att_min=     62.52, quality_max=    392.39, quality_avg=    177.24, tasks_avg= 29.14, HV=0.3654, feasible ratio=0.74
Gen  11: profit_max=  347.00, profit_avg=  150.30, load_min=     47.36, att_min=     62.52, quality_max=    392.39, quality_avg=    181.16, tasks_avg= 29.68, HV=0.3656, feasible ratio=0.77
Gen  12: profit_max=  347.00, profit_avg=  151.31, load_min=     47.36, att_min=     62.52, quality_max=    392.39, quality_avg=    183.18, tasks_avg= 29.97, HV=0.3656, feasible ratio=0.78
Gen  13: profit_max=  347.00, profit_avg=  151.31, load_min=     47.36, att_min=     62.52, quality_max=    392.39, quality_avg=    183.18, tasks_avg= 29.97, HV=0.3656, feasible ratio=0.78
Gen  14: profit_max=  347.00, profit_avg=  151.74, load_min=     47.36, att_min=     62.52, quality_max=    392.39, quality_avg=    184.05, tasks_avg= 30.10, HV=0.3656, feasible ratio=0.78
Gen  15: profit_max=  347.00, profit_avg=  151.85, load_min=     47.36, att_min=     62.52, quality_max=    392.39, quality_avg=    183.81, tasks_avg= 30.10, HV=0.3656, feasible ratio=0.79
Gen  16: profit_max=  347.00, profit_avg=  153.60, load_min=     47.36, att_min=     62.52, quality_max=    392.39, quality_avg=    187.03, tasks_avg= 30.53, HV=0.3711, feasible ratio=0.82
Gen  17: profit_max=  347.00, profit_avg=  150.97, load_min=     47.36, att_min=     62.52, quality_max=    392.39, quality_avg=    184.03, tasks_avg= 29.97, HV=0.3713, feasible ratio=0.84
Gen  18: profit_max=  347.00, profit_avg=  149.68, load_min=     47.36, att_min=     62.52, quality_max=    392.39, quality_avg=    182.72, tasks_avg= 29.73, HV=0.3810, feasible ratio=0.87
Gen  19: profit_max=  347.00, profit_avg=  150.76, load_min=     47.36, att_min=     62.52, quality_max=    392.39, quality_avg=    184.66, tasks_avg= 29.94, HV=0.3829, feasible ratio=0.89
Gen  20: profit_max=  378.00, profit_avg=  153.89, load_min=     47.36, att_min=     62.52, quality_max=    392.39, quality_avg=    186.17, tasks_avg= 30.44, HV=0.3503, feasible ratio=0.92
Gen  21: profit_max=  378.00, profit_avg=  151.62, load_min=     47.36, att_min=     62.52, quality_max=    392.39, quality_avg=    183.04, tasks_avg= 30.03, HV=0.3504, feasible ratio=0.96
Gen  22: profit_max=  378.00, profit_avg=  148.23, load_min=     47.36, att_min=     62.52, quality_max=    392.39, quality_avg=    178.69, tasks_avg= 29.33, HV=0.3504, feasible ratio=0.98
Gen  23: profit_max=  378.00, profit_avg=  148.12, load_min=     47.36, att_min=     62.52, quality_max=    392.39, quality_avg=    179.48, tasks_avg= 29.38, HV=0.3504, feasible ratio=1.00
Gen  24: profit_max=  378.00, profit_avg=  148.31, load_min=     47.36, att_min=     62.52, quality_max=    392.39, quality_avg=    179.53, tasks_avg= 29.36, HV=0.3505, feasible ratio=1.00
Gen  25: profit_max=  378.00, profit_avg=  150.48, load_min=     47.36, att_min=     62.52, quality_max=    392.39, quality_avg=    181.98, tasks_avg= 29.78, HV=0.3505, feasible ratio=1.00
Gen  26: profit_max=  378.00, profit_avg=  152.04, load_min=     47.36, att_min=     62.52, quality_max=    392.39, quality_avg=    184.31, tasks_avg= 30.12, HV=0.3505, feasible ratio=1.00
Gen  27: profit_max=  378.00, profit_avg=  154.32, load_min=     47.36, att_min=     62.52, quality_max=    392.39, quality_avg=    187.02, tasks_avg= 30.60, HV=0.3556, feasible ratio=1.00
Gen  28: profit_max=  378.00, profit_avg=  154.32, load_min=     47.36, att_min=     62.52, quality_max=    392.39, quality_avg=    187.02, tasks_avg= 30.60, HV=0.3556, feasible ratio=1.00
Gen  29: profit_max=  378.00, profit_avg=  154.32, load_min=     47.36, att_min=     62.52, quality_max=    392.39, quality_avg=    187.02, tasks_avg= 30.60, HV=0.3556, feasible ratio=1.00
Gen  30: profit_max=  378.00, profit_avg=  155.74, load_min=     47.36, att_min=     62.52, quality_max=    392.39, quality_avg=    188.77, tasks_avg= 30.83, HV=0.3560, feasible ratio=1.00
Gen  31: profit_max=  378.00, profit_avg=  155.74, load_min=     47.36, att_min=     62.52, quality_max=    392.39, quality_avg=    188.77, tasks_avg= 30.83, HV=0.3560, feasible ratio=1.00
Gen  32: profit_max=  378.00, profit_avg=  159.42, load_min=     47.36, att_min=     62.52, quality_max=    392.39, quality_avg=    193.05, tasks_avg= 31.45, HV=0.3726, feasible ratio=1.00
Gen  33: profit_max=  378.00, profit_avg=  160.92, load_min=     47.36, att_min=     62.52, quality_max=    392.39, quality_avg=    194.79, tasks_avg= 31.73, HV=0.3726, feasible ratio=1.00
Gen  34: profit_max=  378.00, profit_avg=  160.92, load_min=     47.36, att_min=     62.52, quality_max=    392.39, quality_avg=    194.79, tasks_avg= 31.73, HV=0.3726, feasible ratio=1.00
Gen  35: profit_max=  378.00, profit_avg=  161.57, load_min=     47.36, att_min=     62.52, quality_max=    392.39, quality_avg=    195.35, tasks_avg= 31.80, HV=0.3726, feasible ratio=1.00
Gen  36: profit_max=  378.00, profit_avg=  164.20, load_min=     47.36, att_min=     62.52, quality_max=    392.39, quality_avg=    198.91, tasks_avg= 32.37, HV=0.3787, feasible ratio=1.00
Gen  37: profit_max=  378.00, profit_avg=  164.69, load_min=     47.36, att_min=     62.52, quality_max=    392.39, quality_avg=    199.53, tasks_avg= 32.41, HV=0.3795, feasible ratio=1.00
Gen  38: profit_max=  378.00, profit_avg=  166.05, load_min=     47.36, att_min=     62.52, quality_max=    392.39, quality_avg=    200.84, tasks_avg= 32.66, HV=0.3795, feasible ratio=1.00
Gen  39: profit_max=  378.00, profit_avg=  166.36, load_min=     47.36, att_min=     62.52, quality_max=    392.39, quality_avg=    201.33, tasks_avg= 32.70, HV=0.3796, feasible ratio=1.00
Gen  40: profit_max=  378.00, profit_avg=  169.12, load_min=     47.36, att_min=     62.52, quality_max=    437.68, quality_avg=    204.21, tasks_avg= 33.17, HV=0.3403, feasible ratio=1.00
Gen  41: profit_max=  378.00, profit_avg=  169.12, load_min=     47.36, att_min=     62.52, quality_max=    437.68, quality_avg=    204.21, tasks_avg= 33.17, HV=0.3403, feasible ratio=1.00
Gen  42: profit_max=  378.00, profit_avg=  171.37, load_min=     47.36, att_min=     62.52, quality_max=    437.68, quality_avg=    206.81, tasks_avg= 33.61, HV=0.3403, feasible ratio=1.00
Gen  43: profit_max=  378.00, profit_avg=  174.29, load_min=     47.36, att_min=     62.52, quality_max=    437.68, quality_avg=    209.61, tasks_avg= 34.19, HV=0.3413, feasible ratio=1.00
Gen  44: profit_max=  378.00, profit_avg=  174.25, load_min=     47.36, att_min=     62.52, quality_max=    437.68, quality_avg=    209.48, tasks_avg= 34.16, HV=0.3417, feasible ratio=1.00
Gen  45: profit_max=  378.00, profit_avg=  174.45, load_min=     47.36, att_min=     62.52, quality_max=    437.68, quality_avg=    209.73, tasks_avg= 34.21, HV=0.3417, feasible ratio=1.00
Gen  46: profit_max=  378.00, profit_avg=  174.65, load_min=     47.36, att_min=     62.52, quality_max=    437.68, quality_avg=    209.73, tasks_avg= 34.22, HV=0.3417, feasible ratio=1.00
Gen  47: profit_max=  378.00, profit_avg=  176.64, load_min=     47.36, att_min=     62.52, quality_max=    437.68, quality_avg=    212.22, tasks_avg= 34.61, HV=0.3469, feasible ratio=1.00
Gen  48: profit_max=  378.00, profit_avg=  176.95, load_min=     47.36, att_min=     62.52, quality_max=    437.68, quality_avg=    212.31, tasks_avg= 34.60, HV=0.3477, feasible ratio=1.00
Gen  49: profit_max=  378.00, profit_avg=  177.94, load_min=     47.36, att_min=     62.52, quality_max=    437.68, quality_avg=    213.59, tasks_avg= 34.82, HV=0.3478, feasible ratio=1.00
Gen  50: profit_max=  378.00, profit_avg=  180.25, load_min=     47.36, att_min=     62.52, quality_max=    437.68, quality_avg=    216.05, tasks_avg= 35.26, HV=0.3478, feasible ratio=1.00
Gen  51: profit_max=  378.00, profit_avg=  180.25, load_min=     47.36, att_min=     62.52, quality_max=    437.68, quality_avg=    216.05, tasks_avg= 35.26, HV=0.3478, feasible ratio=1.00
Gen  52: profit_max=  378.00, profit_avg=  180.25, load_min=     47.36, att_min=     62.52, quality_max=    437.68, quality_avg=    216.05, tasks_avg= 35.26, HV=0.3478, feasible ratio=1.00
Gen  53: profit_max=  378.00, profit_avg=  180.25, load_min=     47.36, att_min=     62.52, quality_max=    437.68, quality_avg=    216.05, tasks_avg= 35.26, HV=0.3478, feasible ratio=1.00
Gen  54: profit_max=  378.00, profit_avg=  180.25, load_min=     47.36, att_min=     62.52, quality_max=    437.68, quality_avg=    216.05, tasks_avg= 35.26, HV=0.3478, feasible ratio=1.00
Gen  55: profit_max=  378.00, profit_avg=  181.92, load_min=     47.36, att_min=     62.52, quality_max=    437.68, quality_avg=    217.34, tasks_avg= 35.50, HV=0.3507, feasible ratio=1.00
Gen  56: profit_max=  378.00, profit_avg=  181.92, load_min=     47.36, att_min=     62.52, quality_max=    437.68, quality_avg=    217.34, tasks_avg= 35.50, HV=0.3507, feasible ratio=1.00
Gen  57: profit_max=  378.00, profit_avg=  182.14, load_min=     47.36, att_min=     62.52, quality_max=    437.68, quality_avg=    217.85, tasks_avg= 35.54, HV=0.3526, feasible ratio=1.00
Gen  58: profit_max=  378.00, profit_avg=  182.25, load_min=     47.36, att_min=     62.52, quality_max=    437.68, quality_avg=    218.04, tasks_avg= 35.57, HV=0.3536, feasible ratio=1.00
Gen  59: profit_max=  378.00, profit_avg=  182.25, load_min=     47.36, att_min=     62.52, quality_max=    437.68, quality_avg=    218.04, tasks_avg= 35.57, HV=0.3536, feasible ratio=1.00
Gen  60: profit_max=  378.00, profit_avg=  182.25, load_min=     47.36, att_min=     62.52, quality_max=    437.68, quality_avg=    218.04, tasks_avg= 35.57, HV=0.3536, feasible ratio=1.00
Gen  61: profit_max=  378.00, profit_avg=  182.28, load_min=     47.36, att_min=     62.52, quality_max=    437.68, quality_avg=    218.39, tasks_avg= 35.61, HV=0.3548, feasible ratio=1.00
Gen  62: profit_max=  378.00, profit_avg=  182.28, load_min=     47.36, att_min=     62.52, quality_max=    437.68, quality_avg=    218.39, tasks_avg= 35.61, HV=0.3548, feasible ratio=1.00
Gen  63: profit_max=  378.00, profit_avg=  181.65, load_min=     47.36, att_min=     62.52, quality_max=    437.68, quality_avg=    217.59, tasks_avg= 35.46, HV=0.3548, feasible ratio=1.00
Gen  64: profit_max=  378.00, profit_avg=  181.65, load_min=     47.36, att_min=     62.52, quality_max=    437.68, quality_avg=    217.59, tasks_avg= 35.46, HV=0.3548, feasible ratio=1.00
Gen  65: profit_max=  378.00, profit_avg=  181.65, load_min=     47.36, att_min=     62.52, quality_max=    437.68, quality_avg=    217.59, tasks_avg= 35.46, HV=0.3548, feasible ratio=1.00
Gen  66: profit_max=  378.00, profit_avg=  181.67, load_min=     47.36, att_min=     62.52, quality_max=    437.68, quality_avg=    217.94, tasks_avg= 35.46, HV=0.3548, feasible ratio=1.00
Gen  67: profit_max=  378.00, profit_avg=  181.67, load_min=     47.36, att_min=     62.52, quality_max=    437.68, quality_avg=    217.94, tasks_avg= 35.46, HV=0.3548, feasible ratio=1.00
Gen  68: profit_max=  378.00, profit_avg=  181.67, load_min=     47.36, att_min=     62.52, quality_max=    437.68, quality_avg=    217.94, tasks_avg= 35.46, HV=0.3548, feasible ratio=1.00
Gen  69: profit_max=  378.00, profit_avg=  181.67, load_min=     47.36, att_min=     62.52, quality_max=    437.68, quality_avg=    217.94, tasks_avg= 35.46, HV=0.3548, feasible ratio=1.00
Gen  70: profit_max=  378.00, profit_avg=  181.67, load_min=     47.36, att_min=     62.52, quality_max=    437.68, quality_avg=    217.95, tasks_avg= 35.45, HV=0.3552, feasible ratio=1.00
Gen  71: profit_max=  378.00, profit_avg=  182.07, load_min=     47.36, att_min=     62.52, quality_max=    437.68, quality_avg=    218.55, tasks_avg= 35.53, HV=0.3542, feasible ratio=1.00
Gen  72: profit_max=  378.00, profit_avg=  183.78, load_min=     47.36, att_min=     62.52, quality_max=    437.68, quality_avg=    220.42, tasks_avg= 35.83, HV=0.3543, feasible ratio=1.00
Gen  73: profit_max=  378.00, profit_avg=  183.86, load_min=     47.36, att_min=     62.52, quality_max=    437.68, quality_avg=    220.42, tasks_avg= 35.80, HV=0.3526, feasible ratio=1.00
Gen  74: profit_max=  378.00, profit_avg=  182.46, load_min=     47.36, att_min=     62.52, quality_max=    437.68, quality_avg=    219.45, tasks_avg= 35.58, HV=0.3526, feasible ratio=1.00
Gen  75: profit_max=  378.00, profit_avg=  182.72, load_min=     47.36, att_min=     62.52, quality_max=    437.68, quality_avg=    218.87, tasks_avg= 35.54, HV=0.3541, feasible ratio=1.00
Gen  76: profit_max=  378.00, profit_avg=  184.40, load_min=     47.36, att_min=     62.52, quality_max=    437.68, quality_avg=    220.87, tasks_avg= 35.92, HV=0.3547, feasible ratio=1.00
Gen  77: profit_max=  378.00, profit_avg=  184.40, load_min=     47.36, att_min=     62.52, quality_max=    437.68, quality_avg=    220.87, tasks_avg= 35.92, HV=0.3547, feasible ratio=1.00
Gen  78: profit_max=  378.00, profit_avg=  184.82, load_min=     47.36, att_min=     62.52, quality_max=    437.68, quality_avg=    221.44, tasks_avg= 35.98, HV=0.3550, feasible ratio=1.00
Gen  79: profit_max=  378.00, profit_avg=  184.22, load_min=     47.36, att_min=     62.52, quality_max=    437.68, quality_avg=    221.16, tasks_avg= 35.86, HV=0.3550, feasible ratio=1.00
Gen  80: profit_max=  378.00, profit_avg=  184.22, load_min=     47.36, att_min=     62.52, quality_max=    437.68, quality_avg=    221.16, tasks_avg= 35.86, HV=0.3550, feasible ratio=1.00
Gen  81: profit_max=  378.00, profit_avg=  184.35, load_min=     47.36, att_min=     62.52, quality_max=    437.68, quality_avg=    221.56, tasks_avg= 35.91, HV=0.3552, feasible ratio=1.00
Gen  82: profit_max=  378.00, profit_avg=  184.55, load_min=     47.36, att_min=     62.52, quality_max=    437.68, quality_avg=    221.80, tasks_avg= 35.94, HV=0.3554, feasible ratio=1.00
Gen  83: profit_max=  378.00, profit_avg=  184.55, load_min=     47.36, att_min=     62.52, quality_max=    437.68, quality_avg=    221.80, tasks_avg= 35.94, HV=0.3554, feasible ratio=1.00
Gen  84: profit_max=  378.00, profit_avg=  184.55, load_min=     47.36, att_min=     62.52, quality_max=    437.68, quality_avg=    221.80, tasks_avg= 35.94, HV=0.3554, feasible ratio=1.00
Gen  85: profit_max=  378.00, profit_avg=  186.07, load_min=     47.36, att_min=     62.52, quality_max=    437.68, quality_avg=    223.22, tasks_avg= 36.20, HV=0.3578, feasible ratio=1.00
Gen  86: profit_max=  378.00, profit_avg=  187.71, load_min=     47.36, att_min=     62.52, quality_max=    437.68, quality_avg=    224.48, tasks_avg= 36.46, HV=0.3585, feasible ratio=1.00
Gen  87: profit_max=  378.00, profit_avg=  187.71, load_min=     47.36, att_min=     62.52, quality_max=    437.68, quality_avg=    224.48, tasks_avg= 36.46, HV=0.3585, feasible ratio=1.00
Gen  88: profit_max=  378.00, profit_avg=  187.79, load_min=     47.36, att_min=     62.52, quality_max=    437.68, quality_avg=    224.63, tasks_avg= 36.44, HV=0.3585, feasible ratio=1.00
Gen  89: profit_max=  378.00, profit_avg=  187.79, load_min=     47.36, att_min=     62.52, quality_max=    437.68, quality_avg=    224.63, tasks_avg= 36.44, HV=0.3585, feasible ratio=1.00
Gen  90: profit_max=  378.00, profit_avg=  188.09, load_min=     47.36, att_min=     62.52, quality_max=    437.68, quality_avg=    224.64, tasks_avg= 36.41, HV=0.3585, feasible ratio=1.00
Gen  91: profit_max=  378.00, profit_avg=  190.41, load_min=     47.36, att_min=     62.52, quality_max=    437.68, quality_avg=    227.00, tasks_avg= 36.86, HV=0.3593, feasible ratio=1.00
Gen  92: profit_max=  378.00, profit_avg=  191.16, load_min=     47.36, att_min=     62.52, quality_max=    437.68, quality_avg=    227.77, tasks_avg= 36.99, HV=0.3598, feasible ratio=1.00
Gen  93: profit_max=  378.00, profit_avg=  191.17, load_min=     47.36, att_min=     62.52, quality_max=    437.68, quality_avg=    228.03, tasks_avg= 37.01, HV=0.3600, feasible ratio=1.00
Gen  94: profit_max=  378.00, profit_avg=  191.17, load_min=     47.36, att_min=     62.52, quality_max=    437.68, quality_avg=    228.03, tasks_avg= 37.01, HV=0.3600, feasible ratio=1.00
Gen  95: profit_max=  378.00, profit_avg=  192.38, load_min=     47.36, att_min=     62.52, quality_max=    437.68, quality_avg=    229.15, tasks_avg= 37.30, HV=0.3875, feasible ratio=1.00
