批量实验计划
  数据集：s5_t500, s5_t1000
  算法：mode_sdas, mode_sdas_dual_archive, mode_sdas_adaptive_subspace, mode_sdas_dpic_only, mode_sdas_dpic, mode_sdas_dpic_dual_archive, nsga2
  日志目录：F:\my_research\experiment_logs\20260527_022346_resume_t500_t1000
  结果目录：F:\my_research\results
  清理旧结果：True
  跳过已有结果：False
[2026-05-27T02:23:46] 开始 s5_t500 / mode_sdas
  日志：F:\my_research\experiment_logs\20260527_022346_resume_t500_t1000\s5_t500\mode_sdas.log
[2026-05-27T02:23:46] 结束 s5_t500 / mode_sdas 返回码=3221226091
[2026-05-27T02:23:46] 开始 s5_t500 / mode_sdas_dual_archive
  日志：F:\my_research\experiment_logs\20260527_022346_resume_t500_t1000\s5_t500\mode_sdas_dual_archive.log
[2026-05-27T02:23:46] 结束 s5_t500 / mode_sdas_dual_archive 返回码=3221226091
[2026-05-27T02:23:46] 开始 s5_t500 / mode_sdas_adaptive_subspace
  日志：F:\my_research\experiment_logs\20260527_022346_resume_t500_t1000\s5_t500\mode_sdas_adaptive_subspace.log
[2026-05-27T02:23:47] 结束 s5_t500 / mode_sdas_adaptive_subspace 返回码=3221226091
[2026-05-27T02:23:47] 开始 s5_t500 / mode_sdas_dpic_only
  日志：F:\my_research\experiment_logs\20260527_022346_resume_t500_t1000\s5_t500\mode_sdas_dpic_only.log
[2026-05-27T02:23:47] 结束 s5_t500 / mode_sdas_dpic_only 返回码=3221226091
[2026-05-27T02:23:47] 开始 s5_t500 / mode_sdas_dpic
  日志：F:\my_research\experiment_logs\20260527_022346_resume_t500_t1000\s5_t500\mode_sdas_dpic.log
[2026-05-27T02:23:47] 结束 s5_t500 / mode_sdas_dpic 返回码=3221226091
[2026-05-27T02:23:47] 开始 s5_t500 / mode_sdas_dpic_dual_archive
  日志：F:\my_research\experiment_logs\20260527_022346_resume_t500_t1000\s5_t500\mode_sdas_dpic_dual_archive.log
[2026-05-27T02:23:47] 结束 s5_t500 / mode_sdas_dpic_dual_archive 返回码=3221226091
[2026-05-27T02:23:47] 开始 s5_t500 / nsga2
  日志：F:\my_research\experiment_logs\20260527_022346_resume_t500_t1000\s5_t500\nsga2.log
[2026-05-27T02:23:47] 结束 s5_t500 / nsga2 返回码=3221226091
[2026-05-27T02:23:47] 开始 s5_t1000 / mode_sdas
  日志：F:\my_research\experiment_logs\20260527_022346_resume_t500_t1000\s5_t1000\mode_sdas.log
[2026-05-27T02:23:47] 结束 s5_t1000 / mode_sdas 返回码=3221226091
[2026-05-27T02:23:47] 开始 s5_t1000 / mode_sdas_dual_archive
  日志：F:\my_research\experiment_logs\20260527_022346_resume_t500_t1000\s5_t1000\mode_sdas_dual_archive.log
[2026-05-27T02:23:47] 结束 s5_t1000 / mode_sdas_dual_archive 返回码=3221226091
[2026-05-27T02:23:47] 开始 s5_t1000 / mode_sdas_adaptive_subspace
  日志：F:\my_research\experiment_logs\20260527_022346_resume_t500_t1000\s5_t1000\mode_sdas_adaptive_subspace.log
[2026-05-27T02:23:47] 结束 s5_t1000 / mode_sdas_adaptive_subspace 返回码=3221226091
[2026-05-27T02:23:47] 开始 s5_t1000 / mode_sdas_dpic_only
  日志：F:\my_research\experiment_logs\20260527_022346_resume_t500_t1000\s5_t1000\mode_sdas_dpic_only.log
[2026-05-27T02:23:47] 结束 s5_t1000 / mode_sdas_dpic_only 返回码=3221226091
[2026-05-27T02:23:47] 开始 s5_t1000 / mode_sdas_dpic
  日志：F:\my_research\experiment_logs\20260527_022346_resume_t500_t1000\s5_t1000\mode_sdas_dpic.log
[2026-05-27T02:23:48] 结束 s5_t1000 / mode_sdas_dpic 返回码=3221226091
[2026-05-27T02:23:48] 开始 s5_t1000 / mode_sdas_dpic_dual_archive
  日志：F:\my_research\experiment_logs\20260527_022346_resume_t500_t1000\s5_t1000\mode_sdas_dpic_dual_archive.log
[2026-05-27T02:23:48] 结束 s5_t1000 / mode_sdas_dpic_dual_archive 返回码=3221226091
[2026-05-27T02:23:48] 开始 s5_t1000 / nsga2
  日志：F:\my_research\experiment_logs\20260527_022346_resume_t500_t1000\s5_t1000\nsga2.log
[2026-05-27T02:23:48] 结束 s5_t1000 / nsga2 返回码=3221226091
批量实验完成。
状态文件：F:\my_research\experiment_logs\20260527_022346_resume_t500_t1000\status.csv
