ејЂе§‹ s5_t300 / mode_sdas_dual_archiveпјЊж—¶й—ґпјљ2026-05-27T16:19:17
е‘Ѕд»¤ F:\Anaconda\python.exe -u main.py


ФЛРРЛг·ЁЈєMODE-SDAS + Dual Archive

========== MODE-SDAS + Dual Archive Run 1/8 ==========
Init: HV=0.4749, feasible ratio=0.58
Gen   1: profit_max=159.00 load_min=50.00, att_min=18.98, quality_max=169.02 HV=0.3526, feasible ratio=0.79, fea_archive=137, inf_archive=63
Gen   2: profit_max=192.00 load_min=50.00, att_min=18.98, quality_max=188.00 HV=0.3428, feasible ratio=0.95, fea_archive=200, inf_archive=68
Gen   3: profit_max=237.00 load_min=50.00, att_min=18.98, quality_max=244.44 HV=0.3190, feasible ratio=1.00, fea_archive=200, inf_archive=68
Gen   4: profit_max=308.00 load_min=50.00, att_min=18.98, quality_max=291.70 HV=0.2491, feasible ratio=1.00, fea_archive=200, inf_archive=68
Gen   5: profit_max=313.00 load_min=50.00, att_min=18.98, quality_max=320.35 HV=0.3053, feasible ratio=1.00, fea_archive=200, inf_archive=68
Gen   6: profit_max=313.00 load_min=50.00, att_min=18.98, quality_max=320.35 HV=0.3060, feasible ratio=1.00, fea_archive=200, inf_archive=68
Gen   7: profit_max=313.00 load_min=50.00, att_min=18.98, quality_max=320.35 HV=0.3381, feasible ratio=1.00, fea_archive=200, inf_archive=68
Gen   8: profit_max=337.00 load_min=50.00, att_min=18.98, quality_max=320.35 HV=0.3485, feasible ratio=1.00, fea_archive=200, inf_archive=68
Gen   9: profit_max=337.00 load_min=50.00, att_min=18.98, quality_max=320.35 HV=0.3514, feasible ratio=1.00, fea_archive=200, inf_archive=68
Gen  10: profit_max=337.00 load_min=50.00, att_min=18.98, quality_max=320.35 HV=0.3535, feasible ratio=1.00, fea_archive=200, inf_archive=68
Gen  11: profit_max=337.00 load_min=50.00, att_min=18.98, quality_max=320.35 HV=0.3628, feasible ratio=1.00, fea_archive=200, inf_archive=68
Gen  12: profit_max=337.00 load_min=50.00, att_min=18.98, quality_max=320.35 HV=0.3688, feasible ratio=1.00, fea_archive=200, inf_archive=68
Gen  13: profit_max=337.00 load_min=50.00, att_min=18.98, quality_max=330.48 HV=0.3696, feasible ratio=1.00, fea_archive=200, inf_archive=68
Gen  14: profit_max=337.00 load_min=50.00, att_min=18.98, quality_max=330.48 HV=0.3740, feasible ratio=1.00, fea_archive=200, inf_archive=68
Gen  15: profit_max=337.00 load_min=50.00, att_min=18.98, quality_max=330.48 HV=0.3754, feasible ratio=1.00, fea_archive=200, inf_archive=68
Gen  16: profit_max=337.00 load_min=50.00, att_min=18.98, quality_max=330.48 HV=0.3745, feasible ratio=1.00, fea_archive=200, inf_archive=68
Gen  17: profit_max=337.00 load_min=50.00, att_min=18.98, quality_max=330.48 HV=0.3800, feasible ratio=1.00, fea_archive=200, inf_archive=68
Gen  18: profit_max=337.00 load_min=50.00, att_min=18.98, quality_max=330.48 HV=0.3808, feasible ratio=1.00, fea_archive=200, inf_archive=68
Gen  19: profit_max=337.00 load_min=50.00, att_min=18.98, quality_max=330.48 HV=0.3815, feasible ratio=1.00, fea_archive=200, inf_archive=68
Gen  20: profit_max=337.00 load_min=50.00, att_min=18.98, quality_max=330.48 HV=0.3823, feasible ratio=1.00, fea_archive=200, inf_archive=68
Gen  21: profit_max=337.00 load_min=50.00, att_min=18.98, quality_max=330.48 HV=0.3828, feasible ratio=1.00, fea_archive=200, inf_archive=68
Gen  22: profit_max=337.00 load_min=50.00, att_min=18.98, quality_max=330.48 HV=0.3829, feasible ratio=1.00, fea_archive=200, inf_archive=68
Gen  23: profit_max=337.00 load_min=50.00, att_min=18.98, quality_max=330.48 HV=0.3829, feasible ratio=1.00, fea_archive=200, inf_archive=68
Gen  24: profit_max=337.00 load_min=50.00, att_min=18.98, quality_max=330.48 HV=0.3831, feasible ratio=1.00, fea_archive=200, inf_archive=68
Gen  25: profit_max=337.00 load_min=50.00, att_min=18.98, quality_max=330.48 HV=0.3831, feasible ratio=1.00, fea_archive=200, inf_archive=68
Gen  26: profit_max=337.00 load_min=50.00, att_min=18.98, quality_max=330.48 HV=0.3868, feasible ratio=1.00, fea_archive=200, inf_archive=68
Gen  27: profit_max=337.00 load_min=50.00, att_min=18.98, quality_max=330.48 HV=0.3870, feasible ratio=1.00, fea_archive=200, inf_archive=68
Gen  28: profit_max=337.00 load_min=50.00, att_min=18.98, quality_max=330.48 HV=0.3879, feasible ratio=1.00, fea_archive=200, inf_archive=68
Gen  29: profit_max=383.00 load_min=50.00, att_min=18.98, quality_max=393.38 HV=0.3233, feasible ratio=1.00, fea_archive=200, inf_archive=68
Gen  30: profit_max=383.00 load_min=50.00, att_min=18.98, quality_max=393.38 HV=0.3234, feasible ratio=1.00, fea_archive=200, inf_archive=68
Gen  31: profit_max=383.00 load_min=50.00, att_min=18.98, quality_max=393.38 HV=0.3235, feasible ratio=1.00, fea_archive=200, inf_archive=68
Gen  32: profit_max=402.00 load_min=50.00, att_min=18.98, quality_max=410.80 HV=0.3867, feasible ratio=1.00, fea_archive=200, inf_archive=68
Gen  33: profit_max=402.00 load_min=50.00, att_min=18.98, quality_max=410.80 HV=0.3880, feasible ratio=1.00, fea_archive=200, inf_archive=68
Gen  34: profit_max=402.00 load_min=50.00, att_min=18.98, quality_max=410.80 HV=0.3880, feasible ratio=1.00, fea_archive=200, inf_archive=68
Gen  35: profit_max=402.00 load_min=50.00, att_min=18.98, quality_max=410.80 HV=0.3888, feasible ratio=1.00, fea_archive=200, inf_archive=68
Gen  36: profit_max=402.00 load_min=50.00, att_min=18.98, quality_max=410.80 HV=0.3883, feasible ratio=1.00, fea_archive=200, inf_archive=68
Gen  37: profit_max=402.00 load_min=50.00, att_min=18.98, quality_max=410.80 HV=0.3878, feasible ratio=1.00, fea_archive=200, inf_archive=68
Gen  38: profit_max=402.00 load_min=50.00, att_min=18.98, quality_max=410.80 HV=0.3945, feasible ratio=1.00, fea_archive=200, inf_archive=68
Gen  39: profit_max=402.00 load_min=50.00, att_min=18.98, quality_max=410.80 HV=0.3948, feasible ratio=1.00, fea_archive=200, inf_archive=68
Gen  40: profit_max=402.00 load_min=50.00, att_min=18.98, quality_max=410.80 HV=0.3948, feasible ratio=1.00, fea_archive=200, inf_archive=68
Gen  41: profit_max=402.00 load_min=50.00, att_min=18.98, quality_max=410.80 HV=0.3952, feasible ratio=1.00, fea_archive=200, inf_archive=68
Gen  42: profit_max=402.00 load_min=50.00, att_min=18.98, quality_max=410.80 HV=0.4010, feasible ratio=1.00, fea_archive=200, inf_archive=68
Gen  43: profit_max=402.00 load_min=50.00, att_min=18.98, quality_max=410.80 HV=0.4106, feasible ratio=1.00, fea_archive=200, inf_archive=68
Gen  44: profit_max=402.00 load_min=50.00, att_min=18.98, quality_max=410.80 HV=0.4105, feasible ratio=1.00, fea_archive=200, inf_archive=68
Gen  45: profit_max=402.00 load_min=50.00, att_min=18.98, quality_max=410.80 HV=0.4105, feasible ratio=1.00, fea_archive=200, inf_archive=68
Gen  46: profit_max=402.00 load_min=50.00, att_min=18.98, quality_max=410.80 HV=0.4105, feasible ratio=1.00, fea_archive=200, inf_archive=68
Gen  47: profit_max=402.00 load_min=50.00, att_min=18.98, quality_max=410.80 HV=0.4105, feasible ratio=1.00, fea_archive=200, inf_archive=68
Gen  48: profit_max=402.00 load_min=50.00, att_min=18.98, quality_max=410.80 HV=0.4106, feasible ratio=1.00, fea_archive=200, inf_archive=68
Gen  49: profit_max=402.00 load_min=50.00, att_min=18.98, quality_max=410.80 HV=0.4106, feasible ratio=1.00, fea_archive=200, inf_archive=68
Gen  50: profit_max=402.00 load_min=50.00, att_min=18.98, quality_max=410.80 HV=0.4106, feasible ratio=1.00, fea_archive=200, inf_archive=68
Gen  51: profit_max=402.00 load_min=50.00, att_min=18.98, quality_max=410.80 HV=0.4108, feasible ratio=1.00, fea_archive=200, inf_archive=68
Gen  52: profit_max=402.00 load_min=50.00, att_min=18.98, quality_max=410.80 HV=0.4108, feasible ratio=1.00, fea_archive=200, inf_archive=68
Gen  53: profit_max=402.00 load_min=50.00, att_min=18.98, quality_max=410.80 HV=0.4110, feasible ratio=1.00, fea_archive=200, inf_archive=68
Gen  54: profit_max=402.00 load_min=50.00, att_min=18.98, quality_max=410.80 HV=0.4130, feasible ratio=1.00, fea_archive=200, inf_archive=68
Gen  55: profit_max=402.00 load_min=50.00, att_min=18.98, quality_max=410.80 HV=0.4157, feasible ratio=1.00, fea_archive=200, inf_archive=68
Gen  56: profit_max=424.00 load_min=50.00, att_min=18.98, quality_max=430.60 HV=0.3881, feasible ratio=1.00, fea_archive=200, inf_archive=68
Gen  57: profit_max=424.00 load_min=50.00, att_min=18.98, quality_max=430.60 HV=0.3869, feasible ratio=1.00, fea_archive=200, inf_archive=68
Gen  58: profit_max=424.00 load_min=50.00, att_min=18.98, quality_max=430.60 HV=0.3871, feasible ratio=1.00, fea_archive=200, inf_archive=68
Gen  59: profit_max=424.00 load_min=50.00, att_min=18.98, quality_max=430.60 HV=0.3871, feasible ratio=1.00, fea_archive=200, inf_archive=68
Gen  60: profit_max=424.00 load_min=50.00, att_min=18.98, quality_max=430.60 HV=0.3869, feasible ratio=1.00, fea_archive=200, inf_archive=68
Gen  61: profit_max=424.00 load_min=50.00, att_min=18.98, quality_max=430.60 HV=0.3869, feasible ratio=1.00, fea_archive=200, inf_archive=68
Gen  62: profit_max=424.00 load_min=50.00, att_min=18.98, quality_max=430.60 HV=0.3869, feasible ratio=1.00, fea_archive=200, inf_archive=68
Gen  63: profit_max=424.00 load_min=50.00, att_min=18.98, quality_max=430.60 HV=0.3902, feasible ratio=1.00, fea_archive=200, inf_archive=68
Gen  64: profit_max=424.00 load_min=50.00, att_min=18.98, quality_max=430.60 HV=0.3902, feasible ratio=1.00, fea_archive=200, inf_archive=68
Gen  65: profit_max=424.00 load_min=50.00, att_min=18.98, quality_max=430.60 HV=0.3904, feasible ratio=1.00, fea_archive=200, inf_archive=68
Gen  66: profit_max=424.00 load_min=50.00, att_min=18.98, quality_max=430.60 HV=0.3904, feasible ratio=1.00, fea_archive=200, inf_archive=68
Gen  67: profit_max=424.00 load_min=50.00, att_min=18.98, quality_max=430.60 HV=0.3930, feasible ratio=1.00, fea_archive=200, inf_archive=68
Gen  68: profit_max=424.00 load_min=50.00, att_min=18.98, quality_max=430.60 HV=0.3930, feasible ratio=1.00, fea_archive=200, inf_archive=68
Gen  69: profit_max=424.00 load_min=50.00, att_min=18.98, quality_max=430.60 HV=0.3934, feasible ratio=1.00, fea_archive=200, inf_archive=68
Gen  70: profit_max=424.00 load_min=50.00, att_min=18.98, quality_max=430.60 HV=0.3933, feasible ratio=1.00, fea_archive=200, inf_archive=68
Gen  71: profit_max=424.00 load_min=50.00, att_min=18.98, quality_max=430.60 HV=0.3934, feasible ratio=1.00, fea_archive=200, inf_archive=68
Gen  72: profit_max=500.00 load_min=50.00, att_min=18.98, quality_max=450.04 HV=0.3825, feasible ratio=1.00, fea_archive=200, inf_archive=68
Gen  73: profit_max=500.00 load_min=50.00, att_min=18.98, quality_max=450.04 HV=0.3824, feasible ratio=1.00, fea_archive=200, inf_archive=68
Gen  74: profit_max=500.00 load_min=50.00, att_min=18.98, quality_max=450.04 HV=0.3824, feasible ratio=1.00, fea_archive=200, inf_archive=68
Gen  75: profit_max=500.00 load_min=50.00, att_min=18.98, quality_max=450.04 HV=0.3826, feasible ratio=1.00, fea_archive=200, inf_archive=68
Gen  76: profit_max=500.00 load_min=50.00, att_min=18.98, quality_max=450.04 HV=0.3826, feasible ratio=1.00, fea_archive=200, inf_archive=68
Gen  77: profit_max=500.00 load_min=50.00, att_min=18.98, quality_max=450.04 HV=0.3826, feasible ratio=1.00, fea_archive=200, inf_archive=68
Gen  78: profit_max=500.00 load_min=50.00, att_min=18.98, quality_max=450.04 HV=0.3826, feasible ratio=1.00, fea_archive=200, inf_archive=68
Gen  79: profit_max=500.00 load_min=50.00, att_min=18.98, quality_max=450.04 HV=0.3826, feasible ratio=1.00, fea_archive=200, inf_archive=68
Gen  80: profit_max=500.00 load_min=50.00, att_min=18.98, quality_max=450.04 HV=0.3826, feasible ratio=1.00, fea_archive=200, inf_archive=68
Gen  81: profit_max=500.00 load_min=50.00, att_min=18.98, quality_max=450.04 HV=0.3826, feasible ratio=1.00, fea_archive=200, inf_archive=68
Gen  82: profit_max=500.00 load_min=50.00, att_min=18.98, quality_max=450.04 HV=0.3826, feasible ratio=1.00, fea_archive=200, inf_archive=68
Gen  83: profit_max=500.00 load_min=50.00, att_min=18.98, quality_max=450.04 HV=0.3840, feasible ratio=1.00, fea_archive=200, inf_archive=68
Gen  84: profit_max=500.00 load_min=50.00, att_min=18.98, quality_max=450.04 HV=0.3840, feasible ratio=1.00, fea_archive=200, inf_archive=68
Gen  85: profit_max=500.00 load_min=50.00, att_min=18.98, quality_max=450.04 HV=0.3840, feasible ratio=1.00, fea_archive=200, inf_archive=68
Gen  86: profit_max=500.00 load_min=50.00, att_min=18.98, quality_max=450.04 HV=0.3837, feasible ratio=1.00, fea_archive=200, inf_archive=68
Gen  87: profit_max=500.00 load_min=50.00, att_min=18.98, quality_max=450.04 HV=0.3839, feasible ratio=1.00, fea_archive=200, inf_archive=68
Gen  88: profit_max=500.00 load_min=50.00, att_min=18.98, quality_max=450.04 HV=0.3838, feasible ratio=1.00, fea_archive=200, inf_archive=68
Gen  89: profit_max=500.00 load_min=50.00, att_min=18.98, quality_max=450.04 HV=0.3839, feasible ratio=1.00, fea_archive=200, inf_archive=68
Gen  90: profit_max=500.00 load_min=50.00, att_min=18.98, quality_max=450.04 HV=0.3839, feasible ratio=1.00, fea_archive=200, inf_archive=68
Gen  91: profit_max=500.00 load_min=50.00, att_min=18.98, quality_max=450.04 HV=0.3839, feasible ratio=1.00, fea_archive=200, inf_archive=68
Gen  92: profit_max=500.00 load_min=50.00, att_min=18.98, quality_max=450.04 HV=0.3838, feasible ratio=1.00, fea_archive=200, inf_archive=68
Gen  93: profit_max=500.00 load_min=50.00, att_min=18.98, quality_max=450.04 HV=0.3838, feasible ratio=1.00, fea_archive=200, inf_archive=68
Gen  94: profit_max=500.00 load_min=50.00, att_min=18.98, quality_max=450.04 HV=0.3838, feasible ratio=1.00, fea_archive=200, inf_archive=68
Gen  95: profit_max=500.00 load_min=50.00, att_min=18.98, quality_max=450.04 HV=0.3837, feasible ratio=1.00, fea_archive=200, inf_archive=68
Gen  96: profit_max=500.00 load_min=50.00, att_min=18.98, quality_max=450.04 HV=0.3837, feasible ratio=1.00, fea_archive=200, inf_archive=68
Gen  97: profit_max=500.00 load_min=50.00, att_min=18.98, quality_max=450.04 HV=0.3841, feasible ratio=1.00, fea_archive=200, inf_archive=68
Gen  98: profit_max=500.00 load_min=50.00, att_min=18.98, quality_max=450.04 HV=0.3842, feasible ratio=1.00, fea_archive=200, inf_archive=68
Gen  99: profit_max=500.00 load_min=50.00, att_min=18.98, quality_max=450.04 HV=0.3842, feasible ratio=1.00, fea_archive=200, inf_archive=68
Gen 100: profit_max=500.00 load_min=50.00, att_min=18.98, quality_max=450.04 HV=0.3842, feasible ratio=1.00, fea_archive=200, inf_archive=68
Final feasible solutions used for summary/HV: 100/100
Run 1 best: profit=500.0, load=50.00, att=18.98, quality=450.04

========== MODE-SDAS + Dual Archive Run 2/8 ==========
Init: HV=0.4138, feasible ratio=0.60
Gen   1: profit_max=207.00 load_min=54.64, att_min=0.00, quality_max=177.09 HV=0.3356, feasible ratio=0.86, fea_archive=146, inf_archive=54
Gen   2: profit_max=207.00 load_min=54.64, att_min=0.00, quality_max=177.09 HV=0.3721, feasible ratio=1.00, fea_archive=200, inf_archive=54
Gen   3: profit_max=269.00 load_min=54.64, att_min=0.00, quality_max=235.66 HV=0.3205, feasible ratio=1.00, fea_archive=200, inf_archive=54
Gen   4: profit_max=269.00 load_min=54.64, att_min=0.00, quality_max=246.53 HV=0.3342, feasible ratio=1.00, fea_archive=200, inf_archive=54
Gen   5: profit_max=269.00 load_min=54.64, att_min=0.00, quality_max=246.53 HV=0.3822, feasible ratio=1.00, fea_archive=200, inf_archive=54
Gen   6: profit_max=297.00 load_min=54.64, att_min=0.00, quality_max=261.33 HV=0.3567, feasible ratio=1.00, fea_archive=200, inf_archive=54
Gen   7: profit_max=297.00 load_min=54.64, att_min=0.00, quality_max=261.33 HV=0.3568, feasible ratio=1.00, fea_archive=200, inf_archive=54
Gen   8: profit_max=321.00 load_min=54.64, att_min=0.00, quality_max=349.73 HV=0.3139, feasible ratio=1.00, fea_archive=200, inf_archive=54
Gen   9: profit_max=321.00 load_min=54.64, att_min=0.00, quality_max=349.73 HV=0.3243, feasible ratio=1.00, fea_archive=200, inf_archive=54
Gen  10: profit_max=321.00 load_min=54.64, att_min=0.00, quality_max=349.73 HV=0.3280, feasible ratio=1.00, fea_archive=200, inf_archive=54
Gen  11: profit_max=321.00 load_min=54.64, att_min=0.00, quality_max=349.73 HV=0.3316, feasible ratio=1.00, fea_archive=200, inf_archive=54
Gen  12: profit_max=321.00 load_min=54.64, att_min=0.00, quality_max=349.73 HV=0.3546, feasible ratio=1.00, fea_archive=200, inf_archive=54
Gen  13: profit_max=377.00 load_min=54.64, att_min=0.00, quality_max=349.73 HV=0.3118, feasible ratio=1.00, fea_archive=200, inf_archive=54
Gen  14: profit_max=377.00 load_min=54.64, att_min=0.00, quality_max=349.73 HV=0.3135, feasible ratio=1.00, fea_archive=200, inf_archive=54
Gen  15: profit_max=377.00 load_min=54.64, att_min=0.00, quality_max=351.82 HV=0.3423, feasible ratio=1.00, fea_archive=200, inf_archive=54
Gen  16: profit_max=377.00 load_min=54.64, att_min=0.00, quality_max=351.82 HV=0.3423, feasible ratio=1.00, fea_archive=200, inf_archive=54
Gen  17: profit_max=377.00 load_min=54.64, att_min=0.00, quality_max=351.82 HV=0.3423, feasible ratio=1.00, fea_archive=200, inf_archive=54
Gen  18: profit_max=377.00 load_min=54.64, att_min=0.00, quality_max=351.82 HV=0.3429, feasible ratio=1.00, fea_archive=200, inf_archive=54
Gen  19: profit_max=377.00 load_min=54.64, att_min=0.00, quality_max=351.82 HV=0.3497, feasible ratio=1.00, fea_archive=200, inf_archive=54
Gen  20: profit_max=377.00 load_min=54.64, att_min=0.00, quality_max=351.82 HV=0.3517, feasible ratio=1.00, fea_archive=200, inf_archive=54
Gen  21: profit_max=377.00 load_min=54.64, att_min=0.00, quality_max=351.82 HV=0.3541, feasible ratio=1.00, fea_archive=200, inf_archive=54
Gen  22: profit_max=377.00 load_min=54.64, att_min=0.00, quality_max=351.82 HV=0.3542, feasible ratio=1.00, fea_archive=200, inf_archive=54
Gen  23: profit_max=377.00 load_min=54.64, att_min=0.00, quality_max=351.82 HV=0.3542, feasible ratio=1.00, fea_archive=200, inf_archive=54
Gen  24: profit_max=377.00 load_min=54.64, att_min=0.00, quality_max=351.82 HV=0.3572, feasible ratio=1.00, fea_archive=200, inf_archive=54
Gen  25: profit_max=377.00 load_min=54.64, att_min=0.00, quality_max=351.82 HV=0.3579, feasible ratio=1.00, fea_archive=200, inf_archive=54
Gen  26: profit_max=377.00 load_min=54.64, att_min=0.00, quality_max=358.64 HV=0.3732, feasible ratio=1.00, fea_archive=200, inf_archive=54
Gen  27: profit_max=377.00 load_min=54.64, att_min=0.00, quality_max=358.64 HV=0.3808, feasible ratio=1.00, fea_archive=200, inf_archive=54
Gen  28: profit_max=377.00 load_min=54.64, att_min=0.00, quality_max=358.64 HV=0.3811, feasible ratio=1.00, fea_archive=200, inf_archive=54
Gen  29: profit_max=377.00 load_min=54.64, att_min=0.00, quality_max=358.64 HV=0.3809, feasible ratio=1.00, fea_archive=200, inf_archive=54
Gen  30: profit_max=377.00 load_min=54.64, att_min=0.00, quality_max=358.64 HV=0.3851, feasible ratio=1.00, fea_archive=200, inf_archive=54
Gen  31: profit_max=377.00 load_min=54.64, att_min=0.00, quality_max=358.64 HV=0.3853, feasible ratio=1.00, fea_archive=200, inf_archive=54
Gen  32: profit_max=377.00 load_min=54.64, att_min=0.00, quality_max=358.64 HV=0.3856, feasible ratio=1.00, fea_archive=200, inf_archive=54
Gen  33: profit_max=377.00 load_min=54.64, att_min=0.00, quality_max=358.64 HV=0.3857, feasible ratio=1.00, fea_archive=200, inf_archive=54
Gen  34: profit_max=377.00 load_min=54.64, att_min=0.00, quality_max=358.64 HV=0.3857, feasible ratio=1.00, fea_archive=200, inf_archive=54
Gen  35: profit_max=377.00 load_min=54.64, att_min=0.00, quality_max=358.64 HV=0.3857, feasible ratio=1.00, fea_archive=200, inf_archive=54
Gen  36: profit_max=377.00 load_min=54.64, att_min=0.00, quality_max=358.64 HV=0.3858, feasible ratio=1.00, fea_archive=200, inf_archive=54
Gen  37: profit_max=377.00 load_min=54.64, att_min=0.00, quality_max=358.64 HV=0.3869, feasible ratio=1.00, fea_archive=200, inf_archive=54
Gen  38: profit_max=377.00 load_min=54.64, att_min=0.00, quality_max=358.64 HV=0.3869, feasible ratio=1.00, fea_archive=200, inf_archive=54
Gen  39: profit_max=377.00 load_min=54.64, att_min=0.00, quality_max=358.64 HV=0.3894, feasible ratio=1.00, fea_archive=200, inf_archive=54
Gen  40: profit_max=453.00 load_min=54.64, att_min=0.00, quality_max=443.08 HV=0.2999, feasible ratio=1.00, fea_archive=200, inf_archive=54
Gen  41: profit_max=453.00 load_min=54.64, att_min=0.00, quality_max=443.08 HV=0.2999, feasible ratio=1.00, fea_archive=200, inf_archive=54
Gen  42: profit_max=453.00 load_min=54.64, att_min=0.00, quality_max=443.08 HV=0.2999, feasible ratio=1.00, fea_archive=200, inf_archive=54
Gen  43: profit_max=453.00 load_min=54.64, att_min=0.00, quality_max=443.08 HV=0.3020, feasible ratio=1.00, fea_archive=200, inf_archive=54
Gen  44: profit_max=453.00 load_min=54.64, att_min=0.00, quality_max=443.08 HV=0.3027, feasible ratio=1.00, fea_archive=200, inf_archive=54
Gen  45: profit_max=453.00 load_min=54.64, att_min=0.00, quality_max=443.08 HV=0.3027, feasible ratio=1.00, fea_archive=200, inf_archive=54
Gen  46: profit_max=453.00 load_min=54.64, att_min=0.00, quality_max=443.08 HV=0.3033, feasible ratio=1.00, fea_archive=200, inf_archive=54
Gen  47: profit_max=453.00 load_min=54.64, att_min=0.00, quality_max=443.08 HV=0.3032, feasible ratio=1.00, fea_archive=200, inf_archive=54
Gen  48: profit_max=453.00 load_min=54.64, att_min=0.00, quality_max=443.08 HV=0.3063, feasible ratio=1.00, fea_archive=200, inf_archive=54
Gen  49: profit_max=453.00 load_min=54.64, att_min=0.00, quality_max=443.08 HV=0.3063, feasible ratio=1.00, fea_archive=200, inf_archive=54
Gen  50: profit_max=453.00 load_min=54.64, att_min=0.00, quality_max=443.08 HV=0.3065, feasible ratio=1.00, fea_archive=200, inf_archive=54
Gen  51: profit_max=453.00 load_min=54.64, att_min=0.00, quality_max=443.08 HV=0.3136, feasible ratio=1.00, fea_archive=200, inf_archive=54
Gen  52: profit_max=453.00 load_min=54.64, att_min=0.00, quality_max=443.08 HV=0.3136, feasible ratio=1.00, fea_archive=200, inf_archive=54
Gen  53: profit_max=453.00 load_min=54.64, att_min=0.00, quality_max=443.08 HV=0.3136, feasible ratio=1.00, fea_archive=200, inf_archive=54
Gen  54: profit_max=453.00 load_min=54.64, att_min=0.00, quality_max=443.08 HV=0.3136, feasible ratio=1.00, fea_archive=200, inf_archive=54
Gen  55: profit_max=453.00 load_min=54.64, att_min=0.00, quality_max=443.08 HV=0.3136, feasible ratio=1.00, fea_archive=200, inf_archive=54
Gen  56: profit_max=453.00 load_min=54.64, att_min=0.00, quality_max=443.08 HV=0.3153, feasible ratio=1.00, fea_archive=200, inf_archive=54
Gen  57: profit_max=453.00 load_min=54.64, att_min=0.00, quality_max=443.08 HV=0.3130, feasible ratio=1.00, fea_archive=200, inf_archive=54
Gen  58: profit_max=453.00 load_min=54.64, att_min=0.00, quality_max=443.08 HV=0.3130, feasible ratio=1.00, fea_archive=200, inf_archive=54
Gen  59: profit_max=453.00 load_min=54.64, att_min=0.00, quality_max=443.08 HV=0.3129, feasible ratio=1.00, fea_archive=200, inf_archive=54
Gen  60: profit_max=453.00 load_min=54.64, att_min=0.00, quality_max=443.08 HV=0.3129, feasible ratio=1.00, fea_archive=200, inf_archive=54
Gen  61: profit_max=453.00 load_min=54.64, att_min=0.00, quality_max=443.08 HV=0.3129, feasible ratio=1.00, fea_archive=200, inf_archive=54
Gen  62: profit_max=453.00 load_min=54.64, att_min=0.00, quality_max=443.08 HV=0.3129, feasible ratio=1.00, fea_archive=200, inf_archive=54
Gen  63: profit_max=453.00 load_min=54.64, att_min=0.00, quality_max=443.08 HV=0.3127, feasible ratio=1.00, fea_archive=200, inf_archive=54
Gen  64: profit_max=453.00 load_min=54.64, att_min=0.00, quality_max=443.08 HV=0.3141, feasible ratio=1.00, fea_archive=200, inf_archive=54
Gen  65: profit_max=453.00 load_min=54.64, att_min=0.00, quality_max=443.08 HV=0.3141, feasible ratio=1.00, fea_archive=200, inf_archive=54
Gen  66: profit_max=453.00 load_min=54.64, att_min=0.00, quality_max=443.08 HV=0.3141, feasible ratio=1.00, fea_archive=200, inf_archive=54
Gen  67: profit_max=453.00 load_min=54.64, att_min=0.00, quality_max=443.08 HV=0.3141, feasible ratio=1.00, fea_archive=200, inf_archive=54
Gen  68: profit_max=453.00 load_min=54.64, att_min=0.00, quality_max=443.08 HV=0.3142, feasible ratio=1.00, fea_archive=200, inf_archive=54
Gen  69: profit_max=453.00 load_min=54.64, att_min=0.00, quality_max=443.08 HV=0.3142, feasible ratio=1.00, fea_archive=200, inf_archive=54
Gen  70: profit_max=453.00 load_min=54.64, att_min=0.00, quality_max=443.08 HV=0.3142, feasible ratio=1.00, fea_archive=200, inf_archive=54
Gen  71: profit_max=453.00 load_min=54.64, att_min=0.00, quality_max=443.08 HV=0.3163, feasible ratio=1.00, fea_archive=200, inf_archive=54
Gen  72: profit_max=453.00 load_min=54.64, att_min=0.00, quality_max=443.08 HV=0.3163, feasible ratio=1.00, fea_archive=200, inf_archive=54
Gen  73: profit_max=453.00 load_min=54.64, att_min=0.00, quality_max=443.08 HV=0.3140, feasible ratio=1.00, fea_archive=200, inf_archive=54
Gen  74: profit_max=453.00 load_min=54.64, att_min=0.00, quality_max=443.08 HV=0.3155, feasible ratio=1.00, fea_archive=200, inf_archive=54
Gen  75: profit_max=453.00 load_min=54.64, att_min=0.00, quality_max=443.08 HV=0.3156, feasible ratio=1.00, fea_archive=200, inf_archive=54
Gen  76: profit_max=505.00 load_min=54.64, att_min=0.00, quality_max=479.42 HV=0.3022, feasible ratio=1.00, fea_archive=200, inf_archive=54
Gen  77: profit_max=505.00 load_min=54.64, att_min=0.00, quality_max=479.42 HV=0.3022, feasible ratio=1.00, fea_archive=200, inf_archive=54
Gen  78: profit_max=505.00 load_min=54.64, att_min=0.00, quality_max=479.42 HV=0.3026, feasible ratio=1.00, fea_archive=200, inf_archive=54
Gen  79: profit_max=505.00 load_min=54.64, att_min=0.00, quality_max=479.42 HV=0.3026, feasible ratio=1.00, fea_archive=200, inf_archive=54
Gen  80: profit_max=505.00 load_min=54.64, att_min=0.00, quality_max=479.42 HV=0.3027, feasible ratio=1.00, fea_archive=200, inf_archive=54
Gen  81: profit_max=505.00 load_min=54.64, att_min=0.00, quality_max=479.42 HV=0.3031, feasible ratio=1.00, fea_archive=200, inf_archive=54
Gen  82: profit_max=505.00 load_min=54.64, att_min=0.00, quality_max=479.42 HV=0.3031, feasible ratio=1.00, fea_archive=200, inf_archive=54
Gen  83: profit_max=505.00 load_min=54.64, att_min=0.00, quality_max=479.42 HV=0.3035, feasible ratio=1.00, fea_archive=200, inf_archive=54
Gen  84: profit_max=505.00 load_min=54.64, att_min=0.00, quality_max=479.42 HV=0.3035, feasible ratio=1.00, fea_archive=200, inf_archive=54
Gen  85: profit_max=505.00 load_min=54.64, att_min=0.00, quality_max=479.42 HV=0.3035, feasible ratio=1.00, fea_archive=200, inf_archive=54
Gen  86: profit_max=505.00 load_min=54.64, att_min=0.00, quality_max=479.42 HV=0.3055, feasible ratio=1.00, fea_archive=200, inf_archive=54
Gen  87: profit_max=505.00 load_min=54.64, att_min=0.00, quality_max=479.42 HV=0.3055, feasible ratio=1.00, fea_archive=200, inf_archive=54
Gen  88: profit_max=505.00 load_min=54.64, att_min=0.00, quality_max=479.42 HV=0.3055, feasible ratio=1.00, fea_archive=200, inf_archive=54
Gen  89: profit_max=505.00 load_min=54.64, att_min=0.00, quality_max=479.42 HV=0.3056, feasible ratio=1.00, fea_archive=200, inf_archive=54
Gen  90: profit_max=505.00 load_min=54.64, att_min=0.00, quality_max=479.42 HV=0.3082, feasible ratio=1.00, fea_archive=200, inf_archive=54
Gen  91: profit_max=505.00 load_min=54.64, att_min=0.00, quality_max=479.42 HV=0.3087, feasible ratio=1.00, fea_archive=200, inf_archive=54
Gen  92: profit_max=505.00 load_min=54.64, att_min=0.00, quality_max=479.42 HV=0.3098, feasible ratio=1.00, fea_archive=200, inf_archive=54
Gen  93: profit_max=505.00 load_min=54.64, att_min=0.00, quality_max=479.42 HV=0.3098, feasible ratio=1.00, fea_archive=200, inf_archive=54
Gen  94: profit_max=505.00 load_min=54.64, att_min=0.00, quality_max=479.42 HV=0.3098, feasible ratio=1.00, fea_archive=200, inf_archive=54
Gen  95: profit_max=505.00 load_min=54.64, att_min=0.00, quality_max=479.42 HV=0.3101, feasible ratio=1.00, fea_archive=200, inf_archive=54
Gen  96: profit_max=505.00 load_min=54.64, att_min=0.00, quality_max=479.42 HV=0.3070, feasible ratio=1.00, fea_archive=200, inf_archive=54
Gen  97: profit_max=505.00 load_min=54.64, att_min=0.00, quality_max=479.42 HV=0.3070, feasible ratio=1.00, fea_archive=200, inf_archive=54
Gen  98: profit_max=505.00 load_min=54.64, att_min=0.00, quality_max=479.42 HV=0.3070, feasible ratio=1.00, fea_archive=200, inf_archive=54
Gen  99: profit_max=505.00 load_min=54.64, att_min=0.00, quality_max=479.42 HV=0.3072, feasible ratio=1.00, fea_archive=200, inf_archive=54
Gen 100: profit_max=505.00 load_min=54.64, att_min=0.00, quality_max=479.42 HV=0.3252, feasible ratio=1.00, fea_archive=200, inf_archive=54
Final feasible solutions used for summary/HV: 100/100
Run 2 best: profit=505.0, load=54.64, att=0.00, quality=479.42

========== MODE-SDAS + Dual Archive Run 3/8 ==========
Init: HV=0.2322, feasible ratio=0.44
Gen   1: profit_max=167.00 load_min=74.96, att_min=0.00, quality_max=214.78 HV=0.3115, feasible ratio=0.87, fea_archive=131, inf_archive=69
Gen   2: profit_max=201.00 load_min=74.96, att_min=0.00, quality_max=214.78 HV=0.3555, feasible ratio=1.00, fea_archive=200, inf_archive=69
Gen   3: profit_max=211.00 load_min=74.96, att_min=0.00, quality_max=227.18 HV=0.3928, feasible ratio=1.00, fea_archive=200, inf_archive=69
Gen   4: profit_max=268.00 load_min=74.96, att_min=0.00, quality_max=280.19 HV=0.3497, feasible ratio=1.00, fea_archive=200, inf_archive=69
Gen   5: profit_max=268.00 load_min=74.96, att_min=0.00, quality_max=280.19 HV=0.3516, feasible ratio=1.00, fea_archive=200, inf_archive=69
Gen   6: profit_max=294.00 load_min=74.96, att_min=0.00, quality_max=280.19 HV=0.3483, feasible ratio=1.00, fea_archive=200, inf_archive=69
Gen   7: profit_max=318.00 load_min=74.96, att_min=0.00, quality_max=308.54 HV=0.3452, feasible ratio=1.00, fea_archive=200, inf_archive=69
Gen   8: profit_max=318.00 load_min=74.96, att_min=0.00, quality_max=344.64 HV=0.3498, feasible ratio=1.00, fea_archive=200, inf_archive=69
Gen   9: profit_max=318.00 load_min=74.96, att_min=0.00, quality_max=344.64 HV=0.3506, feasible ratio=1.00, fea_archive=200, inf_archive=69
Gen  10: profit_max=318.00 load_min=74.96, att_min=0.00, quality_max=344.64 HV=0.3598, feasible ratio=1.00, fea_archive=200, inf_archive=69
Gen  11: profit_max=318.00 load_min=74.96, att_min=0.00, quality_max=344.64 HV=0.3626, feasible ratio=1.00, fea_archive=200, inf_archive=69
Gen  12: profit_max=318.00 load_min=74.96, att_min=0.00, quality_max=344.64 HV=0.3637, feasible ratio=1.00, fea_archive=200, inf_archive=69
Gen  13: profit_max=320.00 load_min=74.96, att_min=0.00, quality_max=344.64 HV=0.4271, feasible ratio=1.00, fea_archive=200, inf_archive=69
Gen  14: profit_max=320.00 load_min=74.96, att_min=0.00, quality_max=344.64 HV=0.4284, feasible ratio=1.00, fea_archive=200, inf_archive=69
Gen  15: profit_max=320.00 load_min=74.96, att_min=0.00, quality_max=344.64 HV=0.4293, feasible ratio=1.00, fea_archive=200, inf_archive=69
Gen  16: profit_max=325.00 load_min=74.96, att_min=0.00, quality_max=344.64 HV=0.4243, feasible ratio=1.00, fea_archive=200, inf_archive=69
Gen  17: profit_max=331.00 load_min=74.96, att_min=0.00, quality_max=375.69 HV=0.3810, feasible ratio=1.00, fea_archive=200, inf_archive=69
Gen  18: profit_max=331.00 load_min=74.96, att_min=0.00, quality_max=375.69 HV=0.3871, feasible ratio=1.00, fea_archive=200, inf_archive=69
Gen  19: profit_max=331.00 load_min=74.96, att_min=0.00, quality_max=375.69 HV=0.3877, feasible ratio=1.00, fea_archive=200, inf_archive=69
Gen  20: profit_max=364.00 load_min=74.96, att_min=0.00, quality_max=384.60 HV=0.3777, feasible ratio=1.00, fea_archive=200, inf_archive=69
Gen  21: profit_max=364.00 load_min=74.96, att_min=0.00, quality_max=384.60 HV=0.3848, feasible ratio=1.00, fea_archive=200, inf_archive=69
Gen  22: profit_max=364.00 load_min=74.96, att_min=0.00, quality_max=384.60 HV=0.3849, feasible ratio=1.00, fea_archive=200, inf_archive=69
Gen  23: profit_max=364.00 load_min=74.96, att_min=0.00, quality_max=384.60 HV=0.3923, feasible ratio=1.00, fea_archive=200, inf_archive=69
Gen  24: profit_max=364.00 load_min=74.96, att_min=0.00, quality_max=384.60 HV=0.3993, feasible ratio=1.00, fea_archive=200, inf_archive=69
Gen  25: profit_max=364.00 load_min=74.96, att_min=0.00, quality_max=384.60 HV=0.4000, feasible ratio=1.00, fea_archive=200, inf_archive=69
Gen  26: profit_max=364.00 load_min=74.96, att_min=0.00, quality_max=384.60 HV=0.3999, feasible ratio=1.00, fea_archive=200, inf_archive=69
Gen  27: profit_max=364.00 load_min=74.96, att_min=0.00, quality_max=384.60 HV=0.3984, feasible ratio=1.00, fea_archive=200, inf_archive=69
Gen  28: profit_max=364.00 load_min=74.96, att_min=0.00, quality_max=384.60 HV=0.3983, feasible ratio=1.00, fea_archive=200, inf_archive=69
Gen  29: profit_max=364.00 load_min=74.96, att_min=0.00, quality_max=384.60 HV=0.3989, feasible ratio=1.00, fea_archive=200, inf_archive=69
Gen  30: profit_max=364.00 load_min=74.96, att_min=0.00, quality_max=384.60 HV=0.3989, feasible ratio=1.00, fea_archive=200, inf_archive=69
Gen  31: profit_max=364.00 load_min=74.96, att_min=0.00, quality_max=384.60 HV=0.4009, feasible ratio=1.00, fea_archive=200, inf_archive=69
Gen  32: profit_max=364.00 load_min=74.96, att_min=0.00, quality_max=384.60 HV=0.4003, feasible ratio=1.00, fea_archive=200, inf_archive=69
Gen  33: profit_max=364.00 load_min=74.96, att_min=0.00, quality_max=384.60 HV=0.4012, feasible ratio=1.00, fea_archive=200, inf_archive=69
Gen  34: profit_max=364.00 load_min=74.96, att_min=0.00, quality_max=384.60 HV=0.4045, feasible ratio=1.00, fea_archive=200, inf_archive=69
Gen  35: profit_max=364.00 load_min=74.96, att_min=0.00, quality_max=384.60 HV=0.4044, feasible ratio=1.00, fea_archive=200, inf_archive=69
Gen  36: profit_max=364.00 load_min=74.96, att_min=0.00, quality_max=384.60 HV=0.4082, feasible ratio=1.00, fea_archive=200, inf_archive=69
Gen  37: profit_max=385.00 load_min=74.96, att_min=0.00, quality_max=404.63 HV=0.4100, feasible ratio=1.00, fea_archive=200, inf_archive=69
Gen  38: profit_max=385.00 load_min=74.96, att_min=0.00, quality_max=404.63 HV=0.4101, feasible ratio=1.00, fea_archive=200, inf_archive=69
Gen  39: profit_max=385.00 load_min=74.96, att_min=0.00, quality_max=404.63 HV=0.4105, feasible ratio=1.00, fea_archive=200, inf_archive=69
Gen  40: profit_max=385.00 load_min=74.96, att_min=0.00, quality_max=404.63 HV=0.4127, feasible ratio=1.00, fea_archive=200, inf_archive=69
Gen  41: profit_max=385.00 load_min=74.96, att_min=0.00, quality_max=404.63 HV=0.4131, feasible ratio=1.00, fea_archive=200, inf_archive=69
Gen  42: profit_max=385.00 load_min=74.96, att_min=0.00, quality_max=404.63 HV=0.4133, feasible ratio=1.00, fea_archive=200, inf_archive=69
Gen  43: profit_max=385.00 load_min=74.96, att_min=0.00, quality_max=404.63 HV=0.4156, feasible ratio=1.00, fea_archive=200, inf_archive=69
Gen  44: profit_max=385.00 load_min=74.96, att_min=0.00, quality_max=404.63 HV=0.4157, feasible ratio=1.00, fea_archive=200, inf_archive=69
Gen  45: profit_max=385.00 load_min=74.96, att_min=0.00, quality_max=404.63 HV=0.4169, feasible ratio=1.00, fea_archive=200, inf_archive=69
Gen  46: profit_max=385.00 load_min=74.96, att_min=0.00, quality_max=404.63 HV=0.4168, feasible ratio=1.00, fea_archive=200, inf_archive=69
Gen  47: profit_max=385.00 load_min=74.96, att_min=0.00, quality_max=404.63 HV=0.4171, feasible ratio=1.00, fea_archive=200, inf_archive=69
Gen  48: profit_max=385.00 load_min=74.96, att_min=0.00, quality_max=404.63 HV=0.4199, feasible ratio=1.00, fea_archive=200, inf_archive=69
